The system is: Linux - 4.8.0-36-generic - x86_64
Compiling the C compiler identification source file "CMakeCCompilerId.c" succeeded.
Compiler: /usr/bin/cc 
Build flags: 
Id flags: 

The output was:
0


Compilation of the C compiler identification source "CMakeCCompilerId.c" produced "a.out"

The C compiler identification is GNU, found in "/home/naterforst/allegro-5.0/build/CMakeFiles/3.5.1/CompilerIdC/a.out"

Compiling the CXX compiler identification source file "CMakeCXXCompilerId.cpp" succeeded.
Compiler: /usr/bin/c++ 
Build flags: 
Id flags: 

The output was:
0


Compilation of the CXX compiler identification source "CMakeCXXCompilerId.cpp" produced "a.out"

The CXX compiler identification is GNU, found in "/home/naterforst/allegro-5.0/build/CMakeFiles/3.5.1/CompilerIdCXX/a.out"

Determining if the C compiler works passed with the following output:
Change Dir: /home/naterforst/allegro-5.0/build/CMakeFiles/CMakeTmp

Run Build Command:"/usr/bin/make" "cmTC_052cd/fast"
/usr/bin/make -f CMakeFiles/cmTC_052cd.dir/build.make CMakeFiles/cmTC_052cd.dir/build
make[1] : on entre dans le répertoire « /home/naterforst/allegro-5.0/build/CMakeFiles/CMakeTmp »
Building C object CMakeFiles/cmTC_052cd.dir/testCCompiler.c.o
/usr/bin/cc     -o CMakeFiles/cmTC_052cd.dir/testCCompiler.c.o   -c /home/naterforst/allegro-5.0/build/CMakeFiles/CMakeTmp/testCCompiler.c
Linking C executable cmTC_052cd
/usr/bin/cmake -E cmake_link_script CMakeFiles/cmTC_052cd.dir/link.txt --verbose=1
/usr/bin/cc       CMakeFiles/cmTC_052cd.dir/testCCompiler.c.o  -o cmTC_052cd -rdynamic 
make[1] : on quitte le répertoire « /home/naterforst/allegro-5.0/build/CMakeFiles/CMakeTmp »


Detecting C compiler ABI info compiled with the following output:
Change Dir: /home/naterforst/allegro-5.0/build/CMakeFiles/CMakeTmp

Run Build Command:"/usr/bin/make" "cmTC_0b71b/fast"
/usr/bin/make -f CMakeFiles/cmTC_0b71b.dir/build.make CMakeFiles/cmTC_0b71b.dir/build
make[1] : on entre dans le répertoire « /home/naterforst/allegro-5.0/build/CMakeFiles/CMakeTmp »
Building C object CMakeFiles/cmTC_0b71b.dir/CMakeCCompilerABI.c.o
/usr/bin/cc     -o CMakeFiles/cmTC_0b71b.dir/CMakeCCompilerABI.c.o   -c /usr/share/cmake-3.5/Modules/CMakeCCompilerABI.c
Linking C executable cmTC_0b71b
/usr/bin/cmake -E cmake_link_script CMakeFiles/cmTC_0b71b.dir/link.txt --verbose=1
/usr/bin/cc      -v CMakeFiles/cmTC_0b71b.dir/CMakeCCompilerABI.c.o  -o cmTC_0b71b -rdynamic  
Using built-in specs.
COLLECT_GCC=/usr/bin/cc
COLLECT_LTO_WRAPPER=/usr/lib/gcc/x86_64-linux-gnu/5/lto-wrapper
Target: x86_64-linux-gnu
Configured with: ../src/configure -v --with-pkgversion='Ubuntu 5.4.0-6ubuntu1~16.04.4' --with-bugurl=file:///usr/share/doc/gcc-5/README.Bugs --enable-languages=c,ada,c++,java,go,d,fortran,objc,obj-c++ --prefix=/usr --program-suffix=-5 --enable-shared --enable-linker-build-id --libexecdir=/usr/lib --without-included-gettext --enable-threads=posix --libdir=/usr/lib --enable-nls --with-sysroot=/ --enable-clocale=gnu --enable-libstdcxx-debug --enable-libstdcxx-time=yes --with-default-libstdcxx-abi=new --enable-gnu-unique-object --disable-vtable-verify --enable-libmpx --enable-plugin --with-system-zlib --disable-browser-plugin --enable-java-awt=gtk --enable-gtk-cairo --with-java-home=/usr/lib/jvm/java-1.5.0-gcj-5-amd64/jre --enable-java-home --with-jvm-root-dir=/usr/lib/jvm/java-1.5.0-gcj-5-amd64 --with-jvm-jar-dir=/usr/lib/jvm-exports/java-1.5.0-gcj-5-amd64 --with-arch-directory=amd64 --with-ecj-jar=/usr/share/java/eclipse-ecj.jar --enable-objc-gc --enable-multiarch --disable-werror --with-arch-32=i686 --with-abi=m64 --with-multilib-list=m32,m64,mx32 --enable-multilib --with-tune=generic --enable-checking=release --build=x86_64-linux-gnu --host=x86_64-linux-gnu --target=x86_64-linux-gnu
Thread model: posix
gcc version 5.4.0 20160609 (Ubuntu 5.4.0-6ubuntu1~16.04.4) 
COMPILER_PATH=/usr/lib/gcc/x86_64-linux-gnu/5/:/usr/lib/gcc/x86_64-linux-gnu/5/:/usr/lib/gcc/x86_64-linux-gnu/:/usr/lib/gcc/x86_64-linux-gnu/5/:/usr/lib/gcc/x86_64-linux-gnu/
LIBRARY_PATH=/usr/lib/gcc/x86_64-linux-gnu/5/:/usr/lib/gcc/x86_64-linux-gnu/5/../../../x86_64-linux-gnu/:/usr/lib/gcc/x86_64-linux-gnu/5/../../../../lib/:/lib/x86_64-linux-gnu/:/lib/../lib/:/usr/lib/x86_64-linux-gnu/:/usr/lib/../lib/:/usr/lib/gcc/x86_64-linux-gnu/5/../../../:/lib/:/usr/lib/
COLLECT_GCC_OPTIONS='-v' '-o' 'cmTC_0b71b' '-rdynamic' '-mtune=generic' '-march=x86-64'
 /usr/lib/gcc/x86_64-linux-gnu/5/collect2 -plugin /usr/lib/gcc/x86_64-linux-gnu/5/liblto_plugin.so -plugin-opt=/usr/lib/gcc/x86_64-linux-gnu/5/lto-wrapper -plugin-opt=-fresolution=/tmp/ccergRkq.res -plugin-opt=-pass-through=-lgcc -plugin-opt=-pass-through=-lgcc_s -plugin-opt=-pass-through=-lc -plugin-opt=-pass-through=-lgcc -plugin-opt=-pass-through=-lgcc_s --sysroot=/ --build-id --eh-frame-hdr -m elf_x86_64 --hash-style=gnu --as-needed -export-dynamic -dynamic-linker /lib64/ld-linux-x86-64.so.2 -z relro -o cmTC_0b71b /usr/lib/gcc/x86_64-linux-gnu/5/../../../x86_64-linux-gnu/crt1.o /usr/lib/gcc/x86_64-linux-gnu/5/../../../x86_64-linux-gnu/crti.o /usr/lib/gcc/x86_64-linux-gnu/5/crtbegin.o -L/usr/lib/gcc/x86_64-linux-gnu/5 -L/usr/lib/gcc/x86_64-linux-gnu/5/../../../x86_64-linux-gnu -L/usr/lib/gcc/x86_64-linux-gnu/5/../../../../lib -L/lib/x86_64-linux-gnu -L/lib/../lib -L/usr/lib/x86_64-linux-gnu -L/usr/lib/../lib -L/usr/lib/gcc/x86_64-linux-gnu/5/../../.. CMakeFiles/cmTC_0b71b.dir/CMakeCCompilerABI.c.o -lgcc --as-needed -lgcc_s --no-as-needed -lc -lgcc --as-needed -lgcc_s --no-as-needed /usr/lib/gcc/x86_64-linux-gnu/5/crtend.o /usr/lib/gcc/x86_64-linux-gnu/5/../../../x86_64-linux-gnu/crtn.o
make[1] : on quitte le répertoire « /home/naterforst/allegro-5.0/build/CMakeFiles/CMakeTmp »


Parsed C implicit link information from above output:
  link line regex: [^( *|.*[/\])(ld|([^/\]+-)?ld|collect2)[^/\]*( |$)]
  ignore line: [Change Dir: /home/naterforst/allegro-5.0/build/CMakeFiles/CMakeTmp]
  ignore line: []
  ignore line: [Run Build Command:"/usr/bin/make" "cmTC_0b71b/fast"]
  ignore line: [/usr/bin/make -f CMakeFiles/cmTC_0b71b.dir/build.make CMakeFiles/cmTC_0b71b.dir/build]
  ignore line: [make[1] : on entre dans le répertoire « /home/naterforst/allegro-5.0/build/CMakeFiles/CMakeTmp »]
  ignore line: [Building C object CMakeFiles/cmTC_0b71b.dir/CMakeCCompilerABI.c.o]
  ignore line: [/usr/bin/cc     -o CMakeFiles/cmTC_0b71b.dir/CMakeCCompilerABI.c.o   -c /usr/share/cmake-3.5/Modules/CMakeCCompilerABI.c]
  ignore line: [Linking C executable cmTC_0b71b]
  ignore line: [/usr/bin/cmake -E cmake_link_script CMakeFiles/cmTC_0b71b.dir/link.txt --verbose=1]
  ignore line: [/usr/bin/cc      -v CMakeFiles/cmTC_0b71b.dir/CMakeCCompilerABI.c.o  -o cmTC_0b71b -rdynamic  ]
  ignore line: [Using built-in specs.]
  ignore line: [COLLECT_GCC=/usr/bin/cc]
  ignore line: [COLLECT_LTO_WRAPPER=/usr/lib/gcc/x86_64-linux-gnu/5/lto-wrapper]
  ignore line: [Target: x86_64-linux-gnu]
  ignore line: [Configured with: ../src/configure -v --with-pkgversion='Ubuntu 5.4.0-6ubuntu1~16.04.4' --with-bugurl=file:///usr/share/doc/gcc-5/README.Bugs --enable-languages=c,ada,c++,java,go,d,fortran,objc,obj-c++ --prefix=/usr --program-suffix=-5 --enable-shared --enable-linker-build-id --libexecdir=/usr/lib --without-included-gettext --enable-threads=posix --libdir=/usr/lib --enable-nls --with-sysroot=/ --enable-clocale=gnu --enable-libstdcxx-debug --enable-libstdcxx-time=yes --with-default-libstdcxx-abi=new --enable-gnu-unique-object --disable-vtable-verify --enable-libmpx --enable-plugin --with-system-zlib --disable-browser-plugin --enable-java-awt=gtk --enable-gtk-cairo --with-java-home=/usr/lib/jvm/java-1.5.0-gcj-5-amd64/jre --enable-java-home --with-jvm-root-dir=/usr/lib/jvm/java-1.5.0-gcj-5-amd64 --with-jvm-jar-dir=/usr/lib/jvm-exports/java-1.5.0-gcj-5-amd64 --with-arch-directory=amd64 --with-ecj-jar=/usr/share/java/eclipse-ecj.jar --enable-objc-gc --enable-multiarch --disable-werror --with-arch-32=i686 --with-abi=m64 --with-multilib-list=m32,m64,mx32 --enable-multilib --with-tune=generic --enable-checking=release --build=x86_64-linux-gnu --host=x86_64-linux-gnu --target=x86_64-linux-gnu]
  ignore line: [Thread model: posix]
  ignore line: [gcc version 5.4.0 20160609 (Ubuntu 5.4.0-6ubuntu1~16.04.4) ]
  ignore line: [COMPILER_PATH=/usr/lib/gcc/x86_64-linux-gnu/5/:/usr/lib/gcc/x86_64-linux-gnu/5/:/usr/lib/gcc/x86_64-linux-gnu/:/usr/lib/gcc/x86_64-linux-gnu/5/:/usr/lib/gcc/x86_64-linux-gnu/]
  ignore line: [LIBRARY_PATH=/usr/lib/gcc/x86_64-linux-gnu/5/:/usr/lib/gcc/x86_64-linux-gnu/5/../../../x86_64-linux-gnu/:/usr/lib/gcc/x86_64-linux-gnu/5/../../../../lib/:/lib/x86_64-linux-gnu/:/lib/../lib/:/usr/lib/x86_64-linux-gnu/:/usr/lib/../lib/:/usr/lib/gcc/x86_64-linux-gnu/5/../../../:/lib/:/usr/lib/]
  ignore line: [COLLECT_GCC_OPTIONS='-v' '-o' 'cmTC_0b71b' '-rdynamic' '-mtune=generic' '-march=x86-64']
  link line: [ /usr/lib/gcc/x86_64-linux-gnu/5/collect2 -plugin /usr/lib/gcc/x86_64-linux-gnu/5/liblto_plugin.so -plugin-opt=/usr/lib/gcc/x86_64-linux-gnu/5/lto-wrapper -plugin-opt=-fresolution=/tmp/ccergRkq.res -plugin-opt=-pass-through=-lgcc -plugin-opt=-pass-through=-lgcc_s -plugin-opt=-pass-through=-lc -plugin-opt=-pass-through=-lgcc -plugin-opt=-pass-through=-lgcc_s --sysroot=/ --build-id --eh-frame-hdr -m elf_x86_64 --hash-style=gnu --as-needed -export-dynamic -dynamic-linker /lib64/ld-linux-x86-64.so.2 -z relro -o cmTC_0b71b /usr/lib/gcc/x86_64-linux-gnu/5/../../../x86_64-linux-gnu/crt1.o /usr/lib/gcc/x86_64-linux-gnu/5/../../../x86_64-linux-gnu/crti.o /usr/lib/gcc/x86_64-linux-gnu/5/crtbegin.o -L/usr/lib/gcc/x86_64-linux-gnu/5 -L/usr/lib/gcc/x86_64-linux-gnu/5/../../../x86_64-linux-gnu -L/usr/lib/gcc/x86_64-linux-gnu/5/../../../../lib -L/lib/x86_64-linux-gnu -L/lib/../lib -L/usr/lib/x86_64-linux-gnu -L/usr/lib/../lib -L/usr/lib/gcc/x86_64-linux-gnu/5/../../.. CMakeFiles/cmTC_0b71b.dir/CMakeCCompilerABI.c.o -lgcc --as-needed -lgcc_s --no-as-needed -lc -lgcc --as-needed -lgcc_s --no-as-needed /usr/lib/gcc/x86_64-linux-gnu/5/crtend.o /usr/lib/gcc/x86_64-linux-gnu/5/../../../x86_64-linux-gnu/crtn.o]
    arg [/usr/lib/gcc/x86_64-linux-gnu/5/collect2] ==> ignore
    arg [-plugin] ==> ignore
    arg [/usr/lib/gcc/x86_64-linux-gnu/5/liblto_plugin.so] ==> ignore
    arg [-plugin-opt=/usr/lib/gcc/x86_64-linux-gnu/5/lto-wrapper] ==> ignore
    arg [-plugin-opt=-fresolution=/tmp/ccergRkq.res] ==> ignore
    arg [-plugin-opt=-pass-through=-lgcc] ==> ignore
    arg [-plugin-opt=-pass-through=-lgcc_s] ==> ignore
    arg [-plugin-opt=-pass-through=-lc] ==> ignore
    arg [-plugin-opt=-pass-through=-lgcc] ==> ignore
    arg [-plugin-opt=-pass-through=-lgcc_s] ==> ignore
    arg [--sysroot=/] ==> ignore
    arg [--build-id] ==> ignore
    arg [--eh-frame-hdr] ==> ignore
    arg [-m] ==> ignore
    arg [elf_x86_64] ==> ignore
    arg [--hash-style=gnu] ==> ignore
    arg [--as-needed] ==> ignore
    arg [-export-dynamic] ==> ignore
    arg [-dynamic-linker] ==> ignore
    arg [/lib64/ld-linux-x86-64.so.2] ==> ignore
    arg [-zrelro] ==> ignore
    arg [-o] ==> ignore
    arg [cmTC_0b71b] ==> ignore
    arg [/usr/lib/gcc/x86_64-linux-gnu/5/../../../x86_64-linux-gnu/crt1.o] ==> ignore
    arg [/usr/lib/gcc/x86_64-linux-gnu/5/../../../x86_64-linux-gnu/crti.o] ==> ignore
    arg [/usr/lib/gcc/x86_64-linux-gnu/5/crtbegin.o] ==> ignore
    arg [-L/usr/lib/gcc/x86_64-linux-gnu/5] ==> dir [/usr/lib/gcc/x86_64-linux-gnu/5]
    arg [-L/usr/lib/gcc/x86_64-linux-gnu/5/../../../x86_64-linux-gnu] ==> dir [/usr/lib/gcc/x86_64-linux-gnu/5/../../../x86_64-linux-gnu]
    arg [-L/usr/lib/gcc/x86_64-linux-gnu/5/../../../../lib] ==> dir [/usr/lib/gcc/x86_64-linux-gnu/5/../../../../lib]
    arg [-L/lib/x86_64-linux-gnu] ==> dir [/lib/x86_64-linux-gnu]
    arg [-L/lib/../lib] ==> dir [/lib/../lib]
    arg [-L/usr/lib/x86_64-linux-gnu] ==> dir [/usr/lib/x86_64-linux-gnu]
    arg [-L/usr/lib/../lib] ==> dir [/usr/lib/../lib]
    arg [-L/usr/lib/gcc/x86_64-linux-gnu/5/../../..] ==> dir [/usr/lib/gcc/x86_64-linux-gnu/5/../../..]
    arg [CMakeFiles/cmTC_0b71b.dir/CMakeCCompilerABI.c.o] ==> ignore
    arg [-lgcc] ==> lib [gcc]
    arg [--as-needed] ==> ignore
    arg [-lgcc_s] ==> lib [gcc_s]
    arg [--no-as-needed] ==> ignore
    arg [-lc] ==> lib [c]
    arg [-lgcc] ==> lib [gcc]
    arg [--as-needed] ==> ignore
    arg [-lgcc_s] ==> lib [gcc_s]
    arg [--no-as-needed] ==> ignore
    arg [/usr/lib/gcc/x86_64-linux-gnu/5/crtend.o] ==> ignore
    arg [/usr/lib/gcc/x86_64-linux-gnu/5/../../../x86_64-linux-gnu/crtn.o] ==> ignore
  remove lib [gcc]
  remove lib [gcc_s]
  remove lib [gcc]
  remove lib [gcc_s]
  collapse library dir [/usr/lib/gcc/x86_64-linux-gnu/5] ==> [/usr/lib/gcc/x86_64-linux-gnu/5]
  collapse library dir [/usr/lib/gcc/x86_64-linux-gnu/5/../../../x86_64-linux-gnu] ==> [/usr/lib/x86_64-linux-gnu]
  collapse library dir [/usr/lib/gcc/x86_64-linux-gnu/5/../../../../lib] ==> [/usr/lib]
  collapse library dir [/lib/x86_64-linux-gnu] ==> [/lib/x86_64-linux-gnu]
  collapse library dir [/lib/../lib] ==> [/lib]
  collapse library dir [/usr/lib/x86_64-linux-gnu] ==> [/usr/lib/x86_64-linux-gnu]
  collapse library dir [/usr/lib/../lib] ==> [/usr/lib]
  collapse library dir [/usr/lib/gcc/x86_64-linux-gnu/5/../../..] ==> [/usr/lib]
  implicit libs: [c]
  implicit dirs: [/usr/lib/gcc/x86_64-linux-gnu/5;/usr/lib/x86_64-linux-gnu;/usr/lib;/lib/x86_64-linux-gnu;/lib]
  implicit fwks: []




Detecting C [-std=c11] compiler features compiled with the following output:
Change Dir: /home/naterforst/allegro-5.0/build/CMakeFiles/CMakeTmp

Run Build Command:"/usr/bin/make" "cmTC_9f460/fast"
/usr/bin/make -f CMakeFiles/cmTC_9f460.dir/build.make CMakeFiles/cmTC_9f460.dir/build
make[1] : on entre dans le répertoire « /home/naterforst/allegro-5.0/build/CMakeFiles/CMakeTmp »
Building C object CMakeFiles/cmTC_9f460.dir/feature_tests.c.o
/usr/bin/cc    -std=c11 -o CMakeFiles/cmTC_9f460.dir/feature_tests.c.o   -c /home/naterforst/allegro-5.0/build/CMakeFiles/feature_tests.c
Linking C executable cmTC_9f460
/usr/bin/cmake -E cmake_link_script CMakeFiles/cmTC_9f460.dir/link.txt --verbose=1
/usr/bin/cc       CMakeFiles/cmTC_9f460.dir/feature_tests.c.o  -o cmTC_9f460 -rdynamic 
make[1] : on quitte le répertoire « /home/naterforst/allegro-5.0/build/CMakeFiles/CMakeTmp »


    Feature record: C_FEATURE:1c_function_prototypes
    Feature record: C_FEATURE:1c_restrict
    Feature record: C_FEATURE:1c_static_assert
    Feature record: C_FEATURE:1c_variadic_macros


Detecting C [-std=c99] compiler features compiled with the following output:
Change Dir: /home/naterforst/allegro-5.0/build/CMakeFiles/CMakeTmp

Run Build Command:"/usr/bin/make" "cmTC_34757/fast"
/usr/bin/make -f CMakeFiles/cmTC_34757.dir/build.make CMakeFiles/cmTC_34757.dir/build
make[1] : on entre dans le répertoire « /home/naterforst/allegro-5.0/build/CMakeFiles/CMakeTmp »
Building C object CMakeFiles/cmTC_34757.dir/feature_tests.c.o
/usr/bin/cc    -std=c99 -o CMakeFiles/cmTC_34757.dir/feature_tests.c.o   -c /home/naterforst/allegro-5.0/build/CMakeFiles/feature_tests.c
Linking C executable cmTC_34757
/usr/bin/cmake -E cmake_link_script CMakeFiles/cmTC_34757.dir/link.txt --verbose=1
/usr/bin/cc       CMakeFiles/cmTC_34757.dir/feature_tests.c.o  -o cmTC_34757 -rdynamic 
make[1] : on quitte le répertoire « /home/naterforst/allegro-5.0/build/CMakeFiles/CMakeTmp »


    Feature record: C_FEATURE:1c_function_prototypes
    Feature record: C_FEATURE:1c_restrict
    Feature record: C_FEATURE:0c_static_assert
    Feature record: C_FEATURE:1c_variadic_macros


Detecting C [-std=c90] compiler features compiled with the following output:
Change Dir: /home/naterforst/allegro-5.0/build/CMakeFiles/CMakeTmp

Run Build Command:"/usr/bin/make" "cmTC_49ae2/fast"
/usr/bin/make -f CMakeFiles/cmTC_49ae2.dir/build.make CMakeFiles/cmTC_49ae2.dir/build
make[1] : on entre dans le répertoire « /home/naterforst/allegro-5.0/build/CMakeFiles/CMakeTmp »
Building C object CMakeFiles/cmTC_49ae2.dir/feature_tests.c.o
/usr/bin/cc    -std=c90 -o CMakeFiles/cmTC_49ae2.dir/feature_tests.c.o   -c /home/naterforst/allegro-5.0/build/CMakeFiles/feature_tests.c
Linking C executable cmTC_49ae2
/usr/bin/cmake -E cmake_link_script CMakeFiles/cmTC_49ae2.dir/link.txt --verbose=1
/usr/bin/cc       CMakeFiles/cmTC_49ae2.dir/feature_tests.c.o  -o cmTC_49ae2 -rdynamic 
make[1] : on quitte le répertoire « /home/naterforst/allegro-5.0/build/CMakeFiles/CMakeTmp »


    Feature record: C_FEATURE:1c_function_prototypes
    Feature record: C_FEATURE:0c_restrict
    Feature record: C_FEATURE:0c_static_assert
    Feature record: C_FEATURE:0c_variadic_macros
Determining if the CXX compiler works passed with the following output:
Change Dir: /home/naterforst/allegro-5.0/build/CMakeFiles/CMakeTmp

Run Build Command:"/usr/bin/make" "cmTC_b2993/fast"
/usr/bin/make -f CMakeFiles/cmTC_b2993.dir/build.make CMakeFiles/cmTC_b2993.dir/build
make[1] : on entre dans le répertoire « /home/naterforst/allegro-5.0/build/CMakeFiles/CMakeTmp »
Building CXX object CMakeFiles/cmTC_b2993.dir/testCXXCompiler.cxx.o
/usr/bin/c++      -o CMakeFiles/cmTC_b2993.dir/testCXXCompiler.cxx.o -c /home/naterforst/allegro-5.0/build/CMakeFiles/CMakeTmp/testCXXCompiler.cxx
Linking CXX executable cmTC_b2993
/usr/bin/cmake -E cmake_link_script CMakeFiles/cmTC_b2993.dir/link.txt --verbose=1
/usr/bin/c++        CMakeFiles/cmTC_b2993.dir/testCXXCompiler.cxx.o  -o cmTC_b2993 -rdynamic 
make[1] : on quitte le répertoire « /home/naterforst/allegro-5.0/build/CMakeFiles/CMakeTmp »


Detecting CXX compiler ABI info compiled with the following output:
Change Dir: /home/naterforst/allegro-5.0/build/CMakeFiles/CMakeTmp

Run Build Command:"/usr/bin/make" "cmTC_2213d/fast"
/usr/bin/make -f CMakeFiles/cmTC_2213d.dir/build.make CMakeFiles/cmTC_2213d.dir/build
make[1] : on entre dans le répertoire « /home/naterforst/allegro-5.0/build/CMakeFiles/CMakeTmp »
Building CXX object CMakeFiles/cmTC_2213d.dir/CMakeCXXCompilerABI.cpp.o
/usr/bin/c++      -o CMakeFiles/cmTC_2213d.dir/CMakeCXXCompilerABI.cpp.o -c /usr/share/cmake-3.5/Modules/CMakeCXXCompilerABI.cpp
Linking CXX executable cmTC_2213d
/usr/bin/cmake -E cmake_link_script CMakeFiles/cmTC_2213d.dir/link.txt --verbose=1
/usr/bin/c++       -v CMakeFiles/cmTC_2213d.dir/CMakeCXXCompilerABI.cpp.o  -o cmTC_2213d -rdynamic  
Using built-in specs.
COLLECT_GCC=/usr/bin/c++
COLLECT_LTO_WRAPPER=/usr/lib/gcc/x86_64-linux-gnu/5/lto-wrapper
Target: x86_64-linux-gnu
Configured with: ../src/configure -v --with-pkgversion='Ubuntu 5.4.0-6ubuntu1~16.04.4' --with-bugurl=file:///usr/share/doc/gcc-5/README.Bugs --enable-languages=c,ada,c++,java,go,d,fortran,objc,obj-c++ --prefix=/usr --program-suffix=-5 --enable-shared --enable-linker-build-id --libexecdir=/usr/lib --without-included-gettext --enable-threads=posix --libdir=/usr/lib --enable-nls --with-sysroot=/ --enable-clocale=gnu --enable-libstdcxx-debug --enable-libstdcxx-time=yes --with-default-libstdcxx-abi=new --enable-gnu-unique-object --disable-vtable-verify --enable-libmpx --enable-plugin --with-system-zlib --disable-browser-plugin --enable-java-awt=gtk --enable-gtk-cairo --with-java-home=/usr/lib/jvm/java-1.5.0-gcj-5-amd64/jre --enable-java-home --with-jvm-root-dir=/usr/lib/jvm/java-1.5.0-gcj-5-amd64 --with-jvm-jar-dir=/usr/lib/jvm-exports/java-1.5.0-gcj-5-amd64 --with-arch-directory=amd64 --with-ecj-jar=/usr/share/java/eclipse-ecj.jar --enable-objc-gc --enable-multiarch --disable-werror --with-arch-32=i686 --with-abi=m64 --with-multilib-list=m32,m64,mx32 --enable-multilib --with-tune=generic --enable-checking=release --build=x86_64-linux-gnu --host=x86_64-linux-gnu --target=x86_64-linux-gnu
Thread model: posix
gcc version 5.4.0 20160609 (Ubuntu 5.4.0-6ubuntu1~16.04.4) 
COMPILER_PATH=/usr/lib/gcc/x86_64-linux-gnu/5/:/usr/lib/gcc/x86_64-linux-gnu/5/:/usr/lib/gcc/x86_64-linux-gnu/:/usr/lib/gcc/x86_64-linux-gnu/5/:/usr/lib/gcc/x86_64-linux-gnu/
LIBRARY_PATH=/usr/lib/gcc/x86_64-linux-gnu/5/:/usr/lib/gcc/x86_64-linux-gnu/5/../../../x86_64-linux-gnu/:/usr/lib/gcc/x86_64-linux-gnu/5/../../../../lib/:/lib/x86_64-linux-gnu/:/lib/../lib/:/usr/lib/x86_64-linux-gnu/:/usr/lib/../lib/:/usr/lib/gcc/x86_64-linux-gnu/5/../../../:/lib/:/usr/lib/
COLLECT_GCC_OPTIONS='-v' '-o' 'cmTC_2213d' '-rdynamic' '-shared-libgcc' '-mtune=generic' '-march=x86-64'
 /usr/lib/gcc/x86_64-linux-gnu/5/collect2 -plugin /usr/lib/gcc/x86_64-linux-gnu/5/liblto_plugin.so -plugin-opt=/usr/lib/gcc/x86_64-linux-gnu/5/lto-wrapper -plugin-opt=-fresolution=/tmp/ccT3vBpO.res -plugin-opt=-pass-through=-lgcc_s -plugin-opt=-pass-through=-lgcc -plugin-opt=-pass-through=-lc -plugin-opt=-pass-through=-lgcc_s -plugin-opt=-pass-through=-lgcc --sysroot=/ --build-id --eh-frame-hdr -m elf_x86_64 --hash-style=gnu --as-needed -export-dynamic -dynamic-linker /lib64/ld-linux-x86-64.so.2 -z relro -o cmTC_2213d /usr/lib/gcc/x86_64-linux-gnu/5/../../../x86_64-linux-gnu/crt1.o /usr/lib/gcc/x86_64-linux-gnu/5/../../../x86_64-linux-gnu/crti.o /usr/lib/gcc/x86_64-linux-gnu/5/crtbegin.o -L/usr/lib/gcc/x86_64-linux-gnu/5 -L/usr/lib/gcc/x86_64-linux-gnu/5/../../../x86_64-linux-gnu -L/usr/lib/gcc/x86_64-linux-gnu/5/../../../../lib -L/lib/x86_64-linux-gnu -L/lib/../lib -L/usr/lib/x86_64-linux-gnu -L/usr/lib/../lib -L/usr/lib/gcc/x86_64-linux-gnu/5/../../.. CMakeFiles/cmTC_2213d.dir/CMakeCXXCompilerABI.cpp.o -lstdc++ -lm -lgcc_s -lgcc -lc -lgcc_s -lgcc /usr/lib/gcc/x86_64-linux-gnu/5/crtend.o /usr/lib/gcc/x86_64-linux-gnu/5/../../../x86_64-linux-gnu/crtn.o
make[1] : on quitte le répertoire « /home/naterforst/allegro-5.0/build/CMakeFiles/CMakeTmp »


Parsed CXX implicit link information from above output:
  link line regex: [^( *|.*[/\])(ld|([^/\]+-)?ld|collect2)[^/\]*( |$)]
  ignore line: [Change Dir: /home/naterforst/allegro-5.0/build/CMakeFiles/CMakeTmp]
  ignore line: []
  ignore line: [Run Build Command:"/usr/bin/make" "cmTC_2213d/fast"]
  ignore line: [/usr/bin/make -f CMakeFiles/cmTC_2213d.dir/build.make CMakeFiles/cmTC_2213d.dir/build]
  ignore line: [make[1] : on entre dans le répertoire « /home/naterforst/allegro-5.0/build/CMakeFiles/CMakeTmp »]
  ignore line: [Building CXX object CMakeFiles/cmTC_2213d.dir/CMakeCXXCompilerABI.cpp.o]
  ignore line: [/usr/bin/c++      -o CMakeFiles/cmTC_2213d.dir/CMakeCXXCompilerABI.cpp.o -c /usr/share/cmake-3.5/Modules/CMakeCXXCompilerABI.cpp]
  ignore line: [Linking CXX executable cmTC_2213d]
  ignore line: [/usr/bin/cmake -E cmake_link_script CMakeFiles/cmTC_2213d.dir/link.txt --verbose=1]
  ignore line: [/usr/bin/c++       -v CMakeFiles/cmTC_2213d.dir/CMakeCXXCompilerABI.cpp.o  -o cmTC_2213d -rdynamic  ]
  ignore line: [Using built-in specs.]
  ignore line: [COLLECT_GCC=/usr/bin/c++]
  ignore line: [COLLECT_LTO_WRAPPER=/usr/lib/gcc/x86_64-linux-gnu/5/lto-wrapper]
  ignore line: [Target: x86_64-linux-gnu]
  ignore line: [Configured with: ../src/configure -v --with-pkgversion='Ubuntu 5.4.0-6ubuntu1~16.04.4' --with-bugurl=file:///usr/share/doc/gcc-5/README.Bugs --enable-languages=c,ada,c++,java,go,d,fortran,objc,obj-c++ --prefix=/usr --program-suffix=-5 --enable-shared --enable-linker-build-id --libexecdir=/usr/lib --without-included-gettext --enable-threads=posix --libdir=/usr/lib --enable-nls --with-sysroot=/ --enable-clocale=gnu --enable-libstdcxx-debug --enable-libstdcxx-time=yes --with-default-libstdcxx-abi=new --enable-gnu-unique-object --disable-vtable-verify --enable-libmpx --enable-plugin --with-system-zlib --disable-browser-plugin --enable-java-awt=gtk --enable-gtk-cairo --with-java-home=/usr/lib/jvm/java-1.5.0-gcj-5-amd64/jre --enable-java-home --with-jvm-root-dir=/usr/lib/jvm/java-1.5.0-gcj-5-amd64 --with-jvm-jar-dir=/usr/lib/jvm-exports/java-1.5.0-gcj-5-amd64 --with-arch-directory=amd64 --with-ecj-jar=/usr/share/java/eclipse-ecj.jar --enable-objc-gc --enable-multiarch --disable-werror --with-arch-32=i686 --with-abi=m64 --with-multilib-list=m32,m64,mx32 --enable-multilib --with-tune=generic --enable-checking=release --build=x86_64-linux-gnu --host=x86_64-linux-gnu --target=x86_64-linux-gnu]
  ignore line: [Thread model: posix]
  ignore line: [gcc version 5.4.0 20160609 (Ubuntu 5.4.0-6ubuntu1~16.04.4) ]
  ignore line: [COMPILER_PATH=/usr/lib/gcc/x86_64-linux-gnu/5/:/usr/lib/gcc/x86_64-linux-gnu/5/:/usr/lib/gcc/x86_64-linux-gnu/:/usr/lib/gcc/x86_64-linux-gnu/5/:/usr/lib/gcc/x86_64-linux-gnu/]
  ignore line: [LIBRARY_PATH=/usr/lib/gcc/x86_64-linux-gnu/5/:/usr/lib/gcc/x86_64-linux-gnu/5/../../../x86_64-linux-gnu/:/usr/lib/gcc/x86_64-linux-gnu/5/../../../../lib/:/lib/x86_64-linux-gnu/:/lib/../lib/:/usr/lib/x86_64-linux-gnu/:/usr/lib/../lib/:/usr/lib/gcc/x86_64-linux-gnu/5/../../../:/lib/:/usr/lib/]
  ignore line: [COLLECT_GCC_OPTIONS='-v' '-o' 'cmTC_2213d' '-rdynamic' '-shared-libgcc' '-mtune=generic' '-march=x86-64']
  link line: [ /usr/lib/gcc/x86_64-linux-gnu/5/collect2 -plugin /usr/lib/gcc/x86_64-linux-gnu/5/liblto_plugin.so -plugin-opt=/usr/lib/gcc/x86_64-linux-gnu/5/lto-wrapper -plugin-opt=-fresolution=/tmp/ccT3vBpO.res -plugin-opt=-pass-through=-lgcc_s -plugin-opt=-pass-through=-lgcc -plugin-opt=-pass-through=-lc -plugin-opt=-pass-through=-lgcc_s -plugin-opt=-pass-through=-lgcc --sysroot=/ --build-id --eh-frame-hdr -m elf_x86_64 --hash-style=gnu --as-needed -export-dynamic -dynamic-linker /lib64/ld-linux-x86-64.so.2 -z relro -o cmTC_2213d /usr/lib/gcc/x86_64-linux-gnu/5/../../../x86_64-linux-gnu/crt1.o /usr/lib/gcc/x86_64-linux-gnu/5/../../../x86_64-linux-gnu/crti.o /usr/lib/gcc/x86_64-linux-gnu/5/crtbegin.o -L/usr/lib/gcc/x86_64-linux-gnu/5 -L/usr/lib/gcc/x86_64-linux-gnu/5/../../../x86_64-linux-gnu -L/usr/lib/gcc/x86_64-linux-gnu/5/../../../../lib -L/lib/x86_64-linux-gnu -L/lib/../lib -L/usr/lib/x86_64-linux-gnu -L/usr/lib/../lib -L/usr/lib/gcc/x86_64-linux-gnu/5/../../.. CMakeFiles/cmTC_2213d.dir/CMakeCXXCompilerABI.cpp.o -lstdc++ -lm -lgcc_s -lgcc -lc -lgcc_s -lgcc /usr/lib/gcc/x86_64-linux-gnu/5/crtend.o /usr/lib/gcc/x86_64-linux-gnu/5/../../../x86_64-linux-gnu/crtn.o]
    arg [/usr/lib/gcc/x86_64-linux-gnu/5/collect2] ==> ignore
    arg [-plugin] ==> ignore
    arg [/usr/lib/gcc/x86_64-linux-gnu/5/liblto_plugin.so] ==> ignore
    arg [-plugin-opt=/usr/lib/gcc/x86_64-linux-gnu/5/lto-wrapper] ==> ignore
    arg [-plugin-opt=-fresolution=/tmp/ccT3vBpO.res] ==> ignore
    arg [-plugin-opt=-pass-through=-lgcc_s] ==> ignore
    arg [-plugin-opt=-pass-through=-lgcc] ==> ignore
    arg [-plugin-opt=-pass-through=-lc] ==> ignore
    arg [-plugin-opt=-pass-through=-lgcc_s] ==> ignore
    arg [-plugin-opt=-pass-through=-lgcc] ==> ignore
    arg [--sysroot=/] ==> ignore
    arg [--build-id] ==> ignore
    arg [--eh-frame-hdr] ==> ignore
    arg [-m] ==> ignore
    arg [elf_x86_64] ==> ignore
    arg [--hash-style=gnu] ==> ignore
    arg [--as-needed] ==> ignore
    arg [-export-dynamic] ==> ignore
    arg [-dynamic-linker] ==> ignore
    arg [/lib64/ld-linux-x86-64.so.2] ==> ignore
    arg [-zrelro] ==> ignore
    arg [-o] ==> ignore
    arg [cmTC_2213d] ==> ignore
    arg [/usr/lib/gcc/x86_64-linux-gnu/5/../../../x86_64-linux-gnu/crt1.o] ==> ignore
    arg [/usr/lib/gcc/x86_64-linux-gnu/5/../../../x86_64-linux-gnu/crti.o] ==> ignore
    arg [/usr/lib/gcc/x86_64-linux-gnu/5/crtbegin.o] ==> ignore
    arg [-L/usr/lib/gcc/x86_64-linux-gnu/5] ==> dir [/usr/lib/gcc/x86_64-linux-gnu/5]
    arg [-L/usr/lib/gcc/x86_64-linux-gnu/5/../../../x86_64-linux-gnu] ==> dir [/usr/lib/gcc/x86_64-linux-gnu/5/../../../x86_64-linux-gnu]
    arg [-L/usr/lib/gcc/x86_64-linux-gnu/5/../../../../lib] ==> dir [/usr/lib/gcc/x86_64-linux-gnu/5/../../../../lib]
    arg [-L/lib/x86_64-linux-gnu] ==> dir [/lib/x86_64-linux-gnu]
    arg [-L/lib/../lib] ==> dir [/lib/../lib]
    arg [-L/usr/lib/x86_64-linux-gnu] ==> dir [/usr/lib/x86_64-linux-gnu]
    arg [-L/usr/lib/../lib] ==> dir [/usr/lib/../lib]
    arg [-L/usr/lib/gcc/x86_64-linux-gnu/5/../../..] ==> dir [/usr/lib/gcc/x86_64-linux-gnu/5/../../..]
    arg [CMakeFiles/cmTC_2213d.dir/CMakeCXXCompilerABI.cpp.o] ==> ignore
    arg [-lstdc++] ==> lib [stdc++]
    arg [-lm] ==> lib [m]
    arg [-lgcc_s] ==> lib [gcc_s]
    arg [-lgcc] ==> lib [gcc]
    arg [-lc] ==> lib [c]
    arg [-lgcc_s] ==> lib [gcc_s]
    arg [-lgcc] ==> lib [gcc]
    arg [/usr/lib/gcc/x86_64-linux-gnu/5/crtend.o] ==> ignore
    arg [/usr/lib/gcc/x86_64-linux-gnu/5/../../../x86_64-linux-gnu/crtn.o] ==> ignore
  remove lib [gcc_s]
  remove lib [gcc]
  remove lib [gcc_s]
  remove lib [gcc]
  collapse library dir [/usr/lib/gcc/x86_64-linux-gnu/5] ==> [/usr/lib/gcc/x86_64-linux-gnu/5]
  collapse library dir [/usr/lib/gcc/x86_64-linux-gnu/5/../../../x86_64-linux-gnu] ==> [/usr/lib/x86_64-linux-gnu]
  collapse library dir [/usr/lib/gcc/x86_64-linux-gnu/5/../../../../lib] ==> [/usr/lib]
  collapse library dir [/lib/x86_64-linux-gnu] ==> [/lib/x86_64-linux-gnu]
  collapse library dir [/lib/../lib] ==> [/lib]
  collapse library dir [/usr/lib/x86_64-linux-gnu] ==> [/usr/lib/x86_64-linux-gnu]
  collapse library dir [/usr/lib/../lib] ==> [/usr/lib]
  collapse library dir [/usr/lib/gcc/x86_64-linux-gnu/5/../../..] ==> [/usr/lib]
  implicit libs: [stdc++;m;c]
  implicit dirs: [/usr/lib/gcc/x86_64-linux-gnu/5;/usr/lib/x86_64-linux-gnu;/usr/lib;/lib/x86_64-linux-gnu;/lib]
  implicit fwks: []




Detecting CXX [-std=c++14] compiler features compiled with the following output:
Change Dir: /home/naterforst/allegro-5.0/build/CMakeFiles/CMakeTmp

Run Build Command:"/usr/bin/make" "cmTC_f26df/fast"
/usr/bin/make -f CMakeFiles/cmTC_f26df.dir/build.make CMakeFiles/cmTC_f26df.dir/build
make[1] : on entre dans le répertoire « /home/naterforst/allegro-5.0/build/CMakeFiles/CMakeTmp »
Building CXX object CMakeFiles/cmTC_f26df.dir/feature_tests.cxx.o
/usr/bin/c++     -std=c++14 -o CMakeFiles/cmTC_f26df.dir/feature_tests.cxx.o -c /home/naterforst/allegro-5.0/build/CMakeFiles/feature_tests.cxx
Linking CXX executable cmTC_f26df
/usr/bin/cmake -E cmake_link_script CMakeFiles/cmTC_f26df.dir/link.txt --verbose=1
/usr/bin/c++        CMakeFiles/cmTC_f26df.dir/feature_tests.cxx.o  -o cmTC_f26df -rdynamic 
make[1] : on quitte le répertoire « /home/naterforst/allegro-5.0/build/CMakeFiles/CMakeTmp »


    Feature record: CXX_FEATURE:1cxx_aggregate_default_initializers
    Feature record: CXX_FEATURE:1cxx_alias_templates
    Feature record: CXX_FEATURE:1cxx_alignas
    Feature record: CXX_FEATURE:1cxx_alignof
    Feature record: CXX_FEATURE:1cxx_attributes
    Feature record: CXX_FEATURE:1cxx_attribute_deprecated
    Feature record: CXX_FEATURE:1cxx_auto_type
    Feature record: CXX_FEATURE:1cxx_binary_literals
    Feature record: CXX_FEATURE:1cxx_constexpr
    Feature record: CXX_FEATURE:1cxx_contextual_conversions
    Feature record: CXX_FEATURE:1cxx_decltype
    Feature record: CXX_FEATURE:1cxx_decltype_auto
    Feature record: CXX_FEATURE:1cxx_decltype_incomplete_return_types
    Feature record: CXX_FEATURE:1cxx_default_function_template_args
    Feature record: CXX_FEATURE:1cxx_defaulted_functions
    Feature record: CXX_FEATURE:1cxx_defaulted_move_initializers
    Feature record: CXX_FEATURE:1cxx_delegating_constructors
    Feature record: CXX_FEATURE:1cxx_deleted_functions
    Feature record: CXX_FEATURE:1cxx_digit_separators
    Feature record: CXX_FEATURE:1cxx_enum_forward_declarations
    Feature record: CXX_FEATURE:1cxx_explicit_conversions
    Feature record: CXX_FEATURE:1cxx_extended_friend_declarations
    Feature record: CXX_FEATURE:1cxx_extern_templates
    Feature record: CXX_FEATURE:1cxx_final
    Feature record: CXX_FEATURE:1cxx_func_identifier
    Feature record: CXX_FEATURE:1cxx_generalized_initializers
    Feature record: CXX_FEATURE:1cxx_generic_lambdas
    Feature record: CXX_FEATURE:1cxx_inheriting_constructors
    Feature record: CXX_FEATURE:1cxx_inline_namespaces
    Feature record: CXX_FEATURE:1cxx_lambdas
    Feature record: CXX_FEATURE:1cxx_lambda_init_captures
    Feature record: CXX_FEATURE:1cxx_local_type_template_args
    Feature record: CXX_FEATURE:1cxx_long_long_type
    Feature record: CXX_FEATURE:1cxx_noexcept
    Feature record: CXX_FEATURE:1cxx_nonstatic_member_init
    Feature record: CXX_FEATURE:1cxx_nullptr
    Feature record: CXX_FEATURE:1cxx_override
    Feature record: CXX_FEATURE:1cxx_range_for
    Feature record: CXX_FEATURE:1cxx_raw_string_literals
    Feature record: CXX_FEATURE:1cxx_reference_qualified_functions
    Feature record: CXX_FEATURE:1cxx_relaxed_constexpr
    Feature record: CXX_FEATURE:1cxx_return_type_deduction
    Feature record: CXX_FEATURE:1cxx_right_angle_brackets
    Feature record: CXX_FEATURE:1cxx_rvalue_references
    Feature record: CXX_FEATURE:1cxx_sizeof_member
    Feature record: CXX_FEATURE:1cxx_static_assert
    Feature record: CXX_FEATURE:1cxx_strong_enums
    Feature record: CXX_FEATURE:1cxx_template_template_parameters
    Feature record: CXX_FEATURE:1cxx_thread_local
    Feature record: CXX_FEATURE:1cxx_trailing_return_types
    Feature record: CXX_FEATURE:1cxx_unicode_literals
    Feature record: CXX_FEATURE:1cxx_uniform_initialization
    Feature record: CXX_FEATURE:1cxx_unrestricted_unions
    Feature record: CXX_FEATURE:1cxx_user_literals
    Feature record: CXX_FEATURE:1cxx_variable_templates
    Feature record: CXX_FEATURE:1cxx_variadic_macros
    Feature record: CXX_FEATURE:1cxx_variadic_templates


Detecting CXX [-std=c++11] compiler features compiled with the following output:
Change Dir: /home/naterforst/allegro-5.0/build/CMakeFiles/CMakeTmp

Run Build Command:"/usr/bin/make" "cmTC_89617/fast"
/usr/bin/make -f CMakeFiles/cmTC_89617.dir/build.make CMakeFiles/cmTC_89617.dir/build
make[1] : on entre dans le répertoire « /home/naterforst/allegro-5.0/build/CMakeFiles/CMakeTmp »
Building CXX object CMakeFiles/cmTC_89617.dir/feature_tests.cxx.o
/usr/bin/c++     -std=c++11 -o CMakeFiles/cmTC_89617.dir/feature_tests.cxx.o -c /home/naterforst/allegro-5.0/build/CMakeFiles/feature_tests.cxx
Linking CXX executable cmTC_89617
/usr/bin/cmake -E cmake_link_script CMakeFiles/cmTC_89617.dir/link.txt --verbose=1
/usr/bin/c++        CMakeFiles/cmTC_89617.dir/feature_tests.cxx.o  -o cmTC_89617 -rdynamic 
make[1] : on quitte le répertoire « /home/naterforst/allegro-5.0/build/CMakeFiles/CMakeTmp »


    Feature record: CXX_FEATURE:0cxx_aggregate_default_initializers
    Feature record: CXX_FEATURE:1cxx_alias_templates
    Feature record: CXX_FEATURE:1cxx_alignas
    Feature record: CXX_FEATURE:1cxx_alignof
    Feature record: CXX_FEATURE:1cxx_attributes
    Feature record: CXX_FEATURE:0cxx_attribute_deprecated
    Feature record: CXX_FEATURE:1cxx_auto_type
    Feature record: CXX_FEATURE:0cxx_binary_literals
    Feature record: CXX_FEATURE:1cxx_constexpr
    Feature record: CXX_FEATURE:0cxx_contextual_conversions
    Feature record: CXX_FEATURE:1cxx_decltype
    Feature record: CXX_FEATURE:0cxx_decltype_auto
    Feature record: CXX_FEATURE:1cxx_decltype_incomplete_return_types
    Feature record: CXX_FEATURE:1cxx_default_function_template_args
    Feature record: CXX_FEATURE:1cxx_defaulted_functions
    Feature record: CXX_FEATURE:1cxx_defaulted_move_initializers
    Feature record: CXX_FEATURE:1cxx_delegating_constructors
    Feature record: CXX_FEATURE:1cxx_deleted_functions
    Feature record: CXX_FEATURE:0cxx_digit_separators
    Feature record: CXX_FEATURE:1cxx_enum_forward_declarations
    Feature record: CXX_FEATURE:1cxx_explicit_conversions
    Feature record: CXX_FEATURE:1cxx_extended_friend_declarations
    Feature record: CXX_FEATURE:1cxx_extern_templates
    Feature record: CXX_FEATURE:1cxx_final
    Feature record: CXX_FEATURE:1cxx_func_identifier
    Feature record: CXX_FEATURE:1cxx_generalized_initializers
    Feature record: CXX_FEATURE:0cxx_generic_lambdas
    Feature record: CXX_FEATURE:1cxx_inheriting_constructors
    Feature record: CXX_FEATURE:1cxx_inline_namespaces
    Feature record: CXX_FEATURE:1cxx_lambdas
    Feature record: CXX_FEATURE:0cxx_lambda_init_captures
    Feature record: CXX_FEATURE:1cxx_local_type_template_args
    Feature record: CXX_FEATURE:1cxx_long_long_type
    Feature record: CXX_FEATURE:1cxx_noexcept
    Feature record: CXX_FEATURE:1cxx_nonstatic_member_init
    Feature record: CXX_FEATURE:1cxx_nullptr
    Feature record: CXX_FEATURE:1cxx_override
    Feature record: CXX_FEATURE:1cxx_range_for
    Feature record: CXX_FEATURE:1cxx_raw_string_literals
    Feature record: CXX_FEATURE:1cxx_reference_qualified_functions
    Feature record: CXX_FEATURE:0cxx_relaxed_constexpr
    Feature record: CXX_FEATURE:0cxx_return_type_deduction
    Feature record: CXX_FEATURE:1cxx_right_angle_brackets
    Feature record: CXX_FEATURE:1cxx_rvalue_references
    Feature record: CXX_FEATURE:1cxx_sizeof_member
    Feature record: CXX_FEATURE:1cxx_static_assert
    Feature record: CXX_FEATURE:1cxx_strong_enums
    Feature record: CXX_FEATURE:1cxx_template_template_parameters
    Feature record: CXX_FEATURE:1cxx_thread_local
    Feature record: CXX_FEATURE:1cxx_trailing_return_types
    Feature record: CXX_FEATURE:1cxx_unicode_literals
    Feature record: CXX_FEATURE:1cxx_uniform_initialization
    Feature record: CXX_FEATURE:1cxx_unrestricted_unions
    Feature record: CXX_FEATURE:1cxx_user_literals
    Feature record: CXX_FEATURE:0cxx_variable_templates
    Feature record: CXX_FEATURE:1cxx_variadic_macros
    Feature record: CXX_FEATURE:1cxx_variadic_templates


Detecting CXX [-std=c++98] compiler features compiled with the following output:
Change Dir: /home/naterforst/allegro-5.0/build/CMakeFiles/CMakeTmp

Run Build Command:"/usr/bin/make" "cmTC_6e6b0/fast"
/usr/bin/make -f CMakeFiles/cmTC_6e6b0.dir/build.make CMakeFiles/cmTC_6e6b0.dir/build
make[1] : on entre dans le répertoire « /home/naterforst/allegro-5.0/build/CMakeFiles/CMakeTmp »
Building CXX object CMakeFiles/cmTC_6e6b0.dir/feature_tests.cxx.o
/usr/bin/c++     -std=c++98 -o CMakeFiles/cmTC_6e6b0.dir/feature_tests.cxx.o -c /home/naterforst/allegro-5.0/build/CMakeFiles/feature_tests.cxx
Linking CXX executable cmTC_6e6b0
/usr/bin/cmake -E cmake_link_script CMakeFiles/cmTC_6e6b0.dir/link.txt --verbose=1
/usr/bin/c++        CMakeFiles/cmTC_6e6b0.dir/feature_tests.cxx.o  -o cmTC_6e6b0 -rdynamic 
make[1] : on quitte le répertoire « /home/naterforst/allegro-5.0/build/CMakeFiles/CMakeTmp »


    Feature record: CXX_FEATURE:0cxx_aggregate_default_initializers
    Feature record: CXX_FEATURE:0cxx_alias_templates
    Feature record: CXX_FEATURE:0cxx_alignas
    Feature record: CXX_FEATURE:0cxx_alignof
    Feature record: CXX_FEATURE:0cxx_attributes
    Feature record: CXX_FEATURE:0cxx_attribute_deprecated
    Feature record: CXX_FEATURE:0cxx_auto_type
    Feature record: CXX_FEATURE:0cxx_binary_literals
    Feature record: CXX_FEATURE:0cxx_constexpr
    Feature record: CXX_FEATURE:0cxx_contextual_conversions
    Feature record: CXX_FEATURE:0cxx_decltype
    Feature record: CXX_FEATURE:0cxx_decltype_auto
    Feature record: CXX_FEATURE:0cxx_decltype_incomplete_return_types
    Feature record: CXX_FEATURE:0cxx_default_function_template_args
    Feature record: CXX_FEATURE:0cxx_defaulted_functions
    Feature record: CXX_FEATURE:0cxx_defaulted_move_initializers
    Feature record: CXX_FEATURE:0cxx_delegating_constructors
    Feature record: CXX_FEATURE:0cxx_deleted_functions
    Feature record: CXX_FEATURE:0cxx_digit_separators
    Feature record: CXX_FEATURE:0cxx_enum_forward_declarations
    Feature record: CXX_FEATURE:0cxx_explicit_conversions
    Feature record: CXX_FEATURE:0cxx_extended_friend_declarations
    Feature record: CXX_FEATURE:0cxx_extern_templates
    Feature record: CXX_FEATURE:0cxx_final
    Feature record: CXX_FEATURE:0cxx_func_identifier
    Feature record: CXX_FEATURE:0cxx_generalized_initializers
    Feature record: CXX_FEATURE:0cxx_generic_lambdas
    Feature record: CXX_FEATURE:0cxx_inheriting_constructors
    Feature record: CXX_FEATURE:0cxx_inline_namespaces
    Feature record: CXX_FEATURE:0cxx_lambdas
    Feature record: CXX_FEATURE:0cxx_lambda_init_captures
    Feature record: CXX_FEATURE:0cxx_local_type_template_args
    Feature record: CXX_FEATURE:0cxx_long_long_type
    Feature record: CXX_FEATURE:0cxx_noexcept
    Feature record: CXX_FEATURE:0cxx_nonstatic_member_init
    Feature record: CXX_FEATURE:0cxx_nullptr
    Feature record: CXX_FEATURE:0cxx_override
    Feature record: CXX_FEATURE:0cxx_range_for
    Feature record: CXX_FEATURE:0cxx_raw_string_literals
    Feature record: CXX_FEATURE:0cxx_reference_qualified_functions
    Feature record: CXX_FEATURE:0cxx_relaxed_constexpr
    Feature record: CXX_FEATURE:0cxx_return_type_deduction
    Feature record: CXX_FEATURE:0cxx_right_angle_brackets
    Feature record: CXX_FEATURE:0cxx_rvalue_references
    Feature record: CXX_FEATURE:0cxx_sizeof_member
    Feature record: CXX_FEATURE:0cxx_static_assert
    Feature record: CXX_FEATURE:0cxx_strong_enums
    Feature record: CXX_FEATURE:1cxx_template_template_parameters
    Feature record: CXX_FEATURE:0cxx_thread_local
    Feature record: CXX_FEATURE:0cxx_trailing_return_types
    Feature record: CXX_FEATURE:0cxx_unicode_literals
    Feature record: CXX_FEATURE:0cxx_uniform_initialization
    Feature record: CXX_FEATURE:0cxx_unrestricted_unions
    Feature record: CXX_FEATURE:0cxx_user_literals
    Feature record: CXX_FEATURE:0cxx_variable_templates
    Feature record: CXX_FEATURE:0cxx_variadic_macros
    Feature record: CXX_FEATURE:0cxx_variadic_templates
Determining if the include file sys/types.h exists passed with the following output:
Change Dir: /home/naterforst/allegro-5.0/build/CMakeFiles/CMakeTmp

Run Build Command:"/usr/bin/make" "cmTC_6e7f1/fast"
/usr/bin/make -f CMakeFiles/cmTC_6e7f1.dir/build.make CMakeFiles/cmTC_6e7f1.dir/build
make[1] : on entre dans le répertoire « /home/naterforst/allegro-5.0/build/CMakeFiles/CMakeTmp »
Building C object CMakeFiles/cmTC_6e7f1.dir/CheckIncludeFile.c.o
/usr/bin/cc    -msse -W -Wall     -o CMakeFiles/cmTC_6e7f1.dir/CheckIncludeFile.c.o   -c /home/naterforst/allegro-5.0/build/CMakeFiles/CMakeTmp/CheckIncludeFile.c
Linking C executable cmTC_6e7f1
/usr/bin/cmake -E cmake_link_script CMakeFiles/cmTC_6e7f1.dir/link.txt --verbose=1
/usr/bin/cc   -msse -W -Wall      CMakeFiles/cmTC_6e7f1.dir/CheckIncludeFile.c.o  -o cmTC_6e7f1 -rdynamic 
make[1] : on quitte le répertoire « /home/naterforst/allegro-5.0/build/CMakeFiles/CMakeTmp »


Determining if the include file stdint.h exists passed with the following output:
Change Dir: /home/naterforst/allegro-5.0/build/CMakeFiles/CMakeTmp

Run Build Command:"/usr/bin/make" "cmTC_513c0/fast"
/usr/bin/make -f CMakeFiles/cmTC_513c0.dir/build.make CMakeFiles/cmTC_513c0.dir/build
make[1] : on entre dans le répertoire « /home/naterforst/allegro-5.0/build/CMakeFiles/CMakeTmp »
Building C object CMakeFiles/cmTC_513c0.dir/CheckIncludeFile.c.o
/usr/bin/cc    -msse -W -Wall     -o CMakeFiles/cmTC_513c0.dir/CheckIncludeFile.c.o   -c /home/naterforst/allegro-5.0/build/CMakeFiles/CMakeTmp/CheckIncludeFile.c
Linking C executable cmTC_513c0
/usr/bin/cmake -E cmake_link_script CMakeFiles/cmTC_513c0.dir/link.txt --verbose=1
/usr/bin/cc   -msse -W -Wall      CMakeFiles/cmTC_513c0.dir/CheckIncludeFile.c.o  -o cmTC_513c0 -rdynamic 
make[1] : on quitte le répertoire « /home/naterforst/allegro-5.0/build/CMakeFiles/CMakeTmp »


Determining if the include file stddef.h exists passed with the following output:
Change Dir: /home/naterforst/allegro-5.0/build/CMakeFiles/CMakeTmp

Run Build Command:"/usr/bin/make" "cmTC_35db8/fast"
/usr/bin/make -f CMakeFiles/cmTC_35db8.dir/build.make CMakeFiles/cmTC_35db8.dir/build
make[1] : on entre dans le répertoire « /home/naterforst/allegro-5.0/build/CMakeFiles/CMakeTmp »
Building C object CMakeFiles/cmTC_35db8.dir/CheckIncludeFile.c.o
/usr/bin/cc    -msse -W -Wall     -o CMakeFiles/cmTC_35db8.dir/CheckIncludeFile.c.o   -c /home/naterforst/allegro-5.0/build/CMakeFiles/CMakeTmp/CheckIncludeFile.c
Linking C executable cmTC_35db8
/usr/bin/cmake -E cmake_link_script CMakeFiles/cmTC_35db8.dir/link.txt --verbose=1
/usr/bin/cc   -msse -W -Wall      CMakeFiles/cmTC_35db8.dir/CheckIncludeFile.c.o  -o cmTC_35db8 -rdynamic 
make[1] : on quitte le répertoire « /home/naterforst/allegro-5.0/build/CMakeFiles/CMakeTmp »


Determining size of unsigned short passed with the following output:
Change Dir: /home/naterforst/allegro-5.0/build/CMakeFiles/CMakeTmp

Run Build Command:"/usr/bin/make" "cmTC_d3a38/fast"
/usr/bin/make -f CMakeFiles/cmTC_d3a38.dir/build.make CMakeFiles/cmTC_d3a38.dir/build
make[1] : on entre dans le répertoire « /home/naterforst/allegro-5.0/build/CMakeFiles/CMakeTmp »
Building C object CMakeFiles/cmTC_d3a38.dir/CMAKE_SIZEOF_UNSIGNED_SHORT.c.o
/usr/bin/cc    -msse -W -Wall     -o CMakeFiles/cmTC_d3a38.dir/CMAKE_SIZEOF_UNSIGNED_SHORT.c.o   -c /home/naterforst/allegro-5.0/build/CMakeFiles/CheckTypeSize/CMAKE_SIZEOF_UNSIGNED_SHORT.c
Linking C executable cmTC_d3a38
/usr/bin/cmake -E cmake_link_script CMakeFiles/cmTC_d3a38.dir/link.txt --verbose=1
/usr/bin/cc   -msse -W -Wall      CMakeFiles/cmTC_d3a38.dir/CMAKE_SIZEOF_UNSIGNED_SHORT.c.o  -o cmTC_d3a38 -rdynamic 
make[1] : on quitte le répertoire « /home/naterforst/allegro-5.0/build/CMakeFiles/CMakeTmp »


Determining if files dirent.h exist passed with the following output:
Change Dir: /home/naterforst/allegro-5.0/build/CMakeFiles/CMakeTmp

Run Build Command:"/usr/bin/make" "cmTC_b63ea/fast"
/usr/bin/make -f CMakeFiles/cmTC_b63ea.dir/build.make CMakeFiles/cmTC_b63ea.dir/build
make[1] : on entre dans le répertoire « /home/naterforst/allegro-5.0/build/CMakeFiles/CMakeTmp »
Building C object CMakeFiles/cmTC_b63ea.dir/CheckIncludeFiles.c.o
/usr/bin/cc    -msse -W -Wall     -o CMakeFiles/cmTC_b63ea.dir/CheckIncludeFiles.c.o   -c /home/naterforst/allegro-5.0/build/CMakeFiles/CMakeTmp/CheckIncludeFiles.c
Linking C executable cmTC_b63ea
/usr/bin/cmake -E cmake_link_script CMakeFiles/cmTC_b63ea.dir/link.txt --verbose=1
/usr/bin/cc   -msse -W -Wall      CMakeFiles/cmTC_b63ea.dir/CheckIncludeFiles.c.o  -o cmTC_b63ea -rdynamic 
make[1] : on quitte le répertoire « /home/naterforst/allegro-5.0/build/CMakeFiles/CMakeTmp »


Determining if files inttypes.h exist passed with the following output:
Change Dir: /home/naterforst/allegro-5.0/build/CMakeFiles/CMakeTmp

Run Build Command:"/usr/bin/make" "cmTC_7aa76/fast"
/usr/bin/make -f CMakeFiles/cmTC_7aa76.dir/build.make CMakeFiles/cmTC_7aa76.dir/build
make[1] : on entre dans le répertoire « /home/naterforst/allegro-5.0/build/CMakeFiles/CMakeTmp »
Building C object CMakeFiles/cmTC_7aa76.dir/CheckIncludeFiles.c.o
/usr/bin/cc    -msse -W -Wall     -o CMakeFiles/cmTC_7aa76.dir/CheckIncludeFiles.c.o   -c /home/naterforst/allegro-5.0/build/CMakeFiles/CMakeTmp/CheckIncludeFiles.c
Linking C executable cmTC_7aa76
/usr/bin/cmake -E cmake_link_script CMakeFiles/cmTC_7aa76.dir/link.txt --verbose=1
/usr/bin/cc   -msse -W -Wall      CMakeFiles/cmTC_7aa76.dir/CheckIncludeFiles.c.o  -o cmTC_7aa76 -rdynamic 
make[1] : on quitte le répertoire « /home/naterforst/allegro-5.0/build/CMakeFiles/CMakeTmp »


Determining if files sys/types.h;linux/joystick.h exist passed with the following output:
Change Dir: /home/naterforst/allegro-5.0/build/CMakeFiles/CMakeTmp

Run Build Command:"/usr/bin/make" "cmTC_8220b/fast"
/usr/bin/make -f CMakeFiles/cmTC_8220b.dir/build.make CMakeFiles/cmTC_8220b.dir/build
make[1] : on entre dans le répertoire « /home/naterforst/allegro-5.0/build/CMakeFiles/CMakeTmp »
Building C object CMakeFiles/cmTC_8220b.dir/CheckIncludeFiles.c.o
/usr/bin/cc    -msse -W -Wall     -o CMakeFiles/cmTC_8220b.dir/CheckIncludeFiles.c.o   -c /home/naterforst/allegro-5.0/build/CMakeFiles/CMakeTmp/CheckIncludeFiles.c
Linking C executable cmTC_8220b
/usr/bin/cmake -E cmake_link_script CMakeFiles/cmTC_8220b.dir/link.txt --verbose=1
/usr/bin/cc   -msse -W -Wall      CMakeFiles/cmTC_8220b.dir/CheckIncludeFiles.c.o  -o cmTC_8220b -rdynamic 
make[1] : on quitte le répertoire « /home/naterforst/allegro-5.0/build/CMakeFiles/CMakeTmp »


Determining if files stdbool.h exist passed with the following output:
Change Dir: /home/naterforst/allegro-5.0/build/CMakeFiles/CMakeTmp

Run Build Command:"/usr/bin/make" "cmTC_4273f/fast"
/usr/bin/make -f CMakeFiles/cmTC_4273f.dir/build.make CMakeFiles/cmTC_4273f.dir/build
make[1] : on entre dans le répertoire « /home/naterforst/allegro-5.0/build/CMakeFiles/CMakeTmp »
Building C object CMakeFiles/cmTC_4273f.dir/CheckIncludeFiles.c.o
/usr/bin/cc    -msse -W -Wall     -o CMakeFiles/cmTC_4273f.dir/CheckIncludeFiles.c.o   -c /home/naterforst/allegro-5.0/build/CMakeFiles/CMakeTmp/CheckIncludeFiles.c
Linking C executable cmTC_4273f
/usr/bin/cmake -E cmake_link_script CMakeFiles/cmTC_4273f.dir/link.txt --verbose=1
/usr/bin/cc   -msse -W -Wall      CMakeFiles/cmTC_4273f.dir/CheckIncludeFiles.c.o  -o cmTC_4273f -rdynamic 
make[1] : on quitte le répertoire « /home/naterforst/allegro-5.0/build/CMakeFiles/CMakeTmp »


Determining if files stdint.h exist passed with the following output:
Change Dir: /home/naterforst/allegro-5.0/build/CMakeFiles/CMakeTmp

Run Build Command:"/usr/bin/make" "cmTC_509a3/fast"
/usr/bin/make -f CMakeFiles/cmTC_509a3.dir/build.make CMakeFiles/cmTC_509a3.dir/build
make[1] : on entre dans le répertoire « /home/naterforst/allegro-5.0/build/CMakeFiles/CMakeTmp »
Building C object CMakeFiles/cmTC_509a3.dir/CheckIncludeFiles.c.o
/usr/bin/cc    -msse -W -Wall     -o CMakeFiles/cmTC_509a3.dir/CheckIncludeFiles.c.o   -c /home/naterforst/allegro-5.0/build/CMakeFiles/CMakeTmp/CheckIncludeFiles.c
Linking C executable cmTC_509a3
/usr/bin/cmake -E cmake_link_script CMakeFiles/cmTC_509a3.dir/link.txt --verbose=1
/usr/bin/cc   -msse -W -Wall      CMakeFiles/cmTC_509a3.dir/CheckIncludeFiles.c.o  -o cmTC_509a3 -rdynamic 
make[1] : on quitte le répertoire « /home/naterforst/allegro-5.0/build/CMakeFiles/CMakeTmp »


Determining if files sys/io.h exist passed with the following output:
Change Dir: /home/naterforst/allegro-5.0/build/CMakeFiles/CMakeTmp

Run Build Command:"/usr/bin/make" "cmTC_68e3f/fast"
/usr/bin/make -f CMakeFiles/cmTC_68e3f.dir/build.make CMakeFiles/cmTC_68e3f.dir/build
make[1] : on entre dans le répertoire « /home/naterforst/allegro-5.0/build/CMakeFiles/CMakeTmp »
Building C object CMakeFiles/cmTC_68e3f.dir/CheckIncludeFiles.c.o
/usr/bin/cc    -msse -W -Wall     -o CMakeFiles/cmTC_68e3f.dir/CheckIncludeFiles.c.o   -c /home/naterforst/allegro-5.0/build/CMakeFiles/CMakeTmp/CheckIncludeFiles.c
Linking C executable cmTC_68e3f
/usr/bin/cmake -E cmake_link_script CMakeFiles/cmTC_68e3f.dir/link.txt --verbose=1
/usr/bin/cc   -msse -W -Wall      CMakeFiles/cmTC_68e3f.dir/CheckIncludeFiles.c.o  -o cmTC_68e3f -rdynamic 
make[1] : on quitte le répertoire « /home/naterforst/allegro-5.0/build/CMakeFiles/CMakeTmp »


Determining if files sys/stat.h exist passed with the following output:
Change Dir: /home/naterforst/allegro-5.0/build/CMakeFiles/CMakeTmp

Run Build Command:"/usr/bin/make" "cmTC_b5a66/fast"
/usr/bin/make -f CMakeFiles/cmTC_b5a66.dir/build.make CMakeFiles/cmTC_b5a66.dir/build
make[1] : on entre dans le répertoire « /home/naterforst/allegro-5.0/build/CMakeFiles/CMakeTmp »
Building C object CMakeFiles/cmTC_b5a66.dir/CheckIncludeFiles.c.o
/usr/bin/cc    -msse -W -Wall     -o CMakeFiles/cmTC_b5a66.dir/CheckIncludeFiles.c.o   -c /home/naterforst/allegro-5.0/build/CMakeFiles/CMakeTmp/CheckIncludeFiles.c
Linking C executable cmTC_b5a66
/usr/bin/cmake -E cmake_link_script CMakeFiles/cmTC_b5a66.dir/link.txt --verbose=1
/usr/bin/cc   -msse -W -Wall      CMakeFiles/cmTC_b5a66.dir/CheckIncludeFiles.c.o  -o cmTC_b5a66 -rdynamic 
make[1] : on quitte le répertoire « /home/naterforst/allegro-5.0/build/CMakeFiles/CMakeTmp »


Determining if files sys/time.h exist passed with the following output:
Change Dir: /home/naterforst/allegro-5.0/build/CMakeFiles/CMakeTmp

Run Build Command:"/usr/bin/make" "cmTC_118a4/fast"
/usr/bin/make -f CMakeFiles/cmTC_118a4.dir/build.make CMakeFiles/cmTC_118a4.dir/build
make[1] : on entre dans le répertoire « /home/naterforst/allegro-5.0/build/CMakeFiles/CMakeTmp »
Building C object CMakeFiles/cmTC_118a4.dir/CheckIncludeFiles.c.o
/usr/bin/cc    -msse -W -Wall     -o CMakeFiles/cmTC_118a4.dir/CheckIncludeFiles.c.o   -c /home/naterforst/allegro-5.0/build/CMakeFiles/CMakeTmp/CheckIncludeFiles.c
Linking C executable cmTC_118a4
/usr/bin/cmake -E cmake_link_script CMakeFiles/cmTC_118a4.dir/link.txt --verbose=1
/usr/bin/cc   -msse -W -Wall      CMakeFiles/cmTC_118a4.dir/CheckIncludeFiles.c.o  -o cmTC_118a4 -rdynamic 
make[1] : on quitte le répertoire « /home/naterforst/allegro-5.0/build/CMakeFiles/CMakeTmp »


Determining if files time.h exist passed with the following output:
Change Dir: /home/naterforst/allegro-5.0/build/CMakeFiles/CMakeTmp

Run Build Command:"/usr/bin/make" "cmTC_004e6/fast"
/usr/bin/make -f CMakeFiles/cmTC_004e6.dir/build.make CMakeFiles/cmTC_004e6.dir/build
make[1] : on entre dans le répertoire « /home/naterforst/allegro-5.0/build/CMakeFiles/CMakeTmp »
Building C object CMakeFiles/cmTC_004e6.dir/CheckIncludeFiles.c.o
/usr/bin/cc    -msse -W -Wall     -o CMakeFiles/cmTC_004e6.dir/CheckIncludeFiles.c.o   -c /home/naterforst/allegro-5.0/build/CMakeFiles/CMakeTmp/CheckIncludeFiles.c
Linking C executable cmTC_004e6
/usr/bin/cmake -E cmake_link_script CMakeFiles/cmTC_004e6.dir/link.txt --verbose=1
/usr/bin/cc   -msse -W -Wall      CMakeFiles/cmTC_004e6.dir/CheckIncludeFiles.c.o  -o cmTC_004e6 -rdynamic 
make[1] : on quitte le répertoire « /home/naterforst/allegro-5.0/build/CMakeFiles/CMakeTmp »


Determining if files sys/utsname.h exist passed with the following output:
Change Dir: /home/naterforst/allegro-5.0/build/CMakeFiles/CMakeTmp

Run Build Command:"/usr/bin/make" "cmTC_cb763/fast"
/usr/bin/make -f CMakeFiles/cmTC_cb763.dir/build.make CMakeFiles/cmTC_cb763.dir/build
make[1] : on entre dans le répertoire « /home/naterforst/allegro-5.0/build/CMakeFiles/CMakeTmp »
Building C object CMakeFiles/cmTC_cb763.dir/CheckIncludeFiles.c.o
/usr/bin/cc    -msse -W -Wall     -o CMakeFiles/cmTC_cb763.dir/CheckIncludeFiles.c.o   -c /home/naterforst/allegro-5.0/build/CMakeFiles/CMakeTmp/CheckIncludeFiles.c
Linking C executable cmTC_cb763
/usr/bin/cmake -E cmake_link_script CMakeFiles/cmTC_cb763.dir/link.txt --verbose=1
/usr/bin/cc   -msse -W -Wall      CMakeFiles/cmTC_cb763.dir/CheckIncludeFiles.c.o  -o cmTC_cb763 -rdynamic 
make[1] : on quitte le répertoire « /home/naterforst/allegro-5.0/build/CMakeFiles/CMakeTmp »


Determining if files sys/types.h exist passed with the following output:
Change Dir: /home/naterforst/allegro-5.0/build/CMakeFiles/CMakeTmp

Run Build Command:"/usr/bin/make" "cmTC_e9dff/fast"
/usr/bin/make -f CMakeFiles/cmTC_e9dff.dir/build.make CMakeFiles/cmTC_e9dff.dir/build
make[1] : on entre dans le répertoire « /home/naterforst/allegro-5.0/build/CMakeFiles/CMakeTmp »
Building C object CMakeFiles/cmTC_e9dff.dir/CheckIncludeFiles.c.o
/usr/bin/cc    -msse -W -Wall     -o CMakeFiles/cmTC_e9dff.dir/CheckIncludeFiles.c.o   -c /home/naterforst/allegro-5.0/build/CMakeFiles/CMakeTmp/CheckIncludeFiles.c
Linking C executable cmTC_e9dff
/usr/bin/cmake -E cmake_link_script CMakeFiles/cmTC_e9dff.dir/link.txt --verbose=1
/usr/bin/cc   -msse -W -Wall      CMakeFiles/cmTC_e9dff.dir/CheckIncludeFiles.c.o  -o cmTC_e9dff -rdynamic 
make[1] : on quitte le répertoire « /home/naterforst/allegro-5.0/build/CMakeFiles/CMakeTmp »


Determining if files sys/soundcard.h exist passed with the following output:
Change Dir: /home/naterforst/allegro-5.0/build/CMakeFiles/CMakeTmp

Run Build Command:"/usr/bin/make" "cmTC_5d56e/fast"
/usr/bin/make -f CMakeFiles/cmTC_5d56e.dir/build.make CMakeFiles/cmTC_5d56e.dir/build
make[1] : on entre dans le répertoire « /home/naterforst/allegro-5.0/build/CMakeFiles/CMakeTmp »
Building C object CMakeFiles/cmTC_5d56e.dir/CheckIncludeFiles.c.o
/usr/bin/cc    -msse -W -Wall     -o CMakeFiles/cmTC_5d56e.dir/CheckIncludeFiles.c.o   -c /home/naterforst/allegro-5.0/build/CMakeFiles/CMakeTmp/CheckIncludeFiles.c
Linking C executable cmTC_5d56e
/usr/bin/cmake -E cmake_link_script CMakeFiles/cmTC_5d56e.dir/link.txt --verbose=1
/usr/bin/cc   -msse -W -Wall      CMakeFiles/cmTC_5d56e.dir/CheckIncludeFiles.c.o  -o cmTC_5d56e -rdynamic 
make[1] : on quitte le répertoire « /home/naterforst/allegro-5.0/build/CMakeFiles/CMakeTmp »


Determining if files linux/soundcard.h exist passed with the following output:
Change Dir: /home/naterforst/allegro-5.0/build/CMakeFiles/CMakeTmp

Run Build Command:"/usr/bin/make" "cmTC_8c2d2/fast"
/usr/bin/make -f CMakeFiles/cmTC_8c2d2.dir/build.make CMakeFiles/cmTC_8c2d2.dir/build
make[1] : on entre dans le répertoire « /home/naterforst/allegro-5.0/build/CMakeFiles/CMakeTmp »
Building C object CMakeFiles/cmTC_8c2d2.dir/CheckIncludeFiles.c.o
/usr/bin/cc    -msse -W -Wall     -o CMakeFiles/cmTC_8c2d2.dir/CheckIncludeFiles.c.o   -c /home/naterforst/allegro-5.0/build/CMakeFiles/CMakeTmp/CheckIncludeFiles.c
Linking C executable cmTC_8c2d2
/usr/bin/cmake -E cmake_link_script CMakeFiles/cmTC_8c2d2.dir/link.txt --verbose=1
/usr/bin/cc   -msse -W -Wall      CMakeFiles/cmTC_8c2d2.dir/CheckIncludeFiles.c.o  -o cmTC_8c2d2 -rdynamic 
make[1] : on quitte le répertoire « /home/naterforst/allegro-5.0/build/CMakeFiles/CMakeTmp »


Determining if files sys/inotify.h exist passed with the following output:
Change Dir: /home/naterforst/allegro-5.0/build/CMakeFiles/CMakeTmp

Run Build Command:"/usr/bin/make" "cmTC_3123e/fast"
/usr/bin/make -f CMakeFiles/cmTC_3123e.dir/build.make CMakeFiles/cmTC_3123e.dir/build
make[1] : on entre dans le répertoire « /home/naterforst/allegro-5.0/build/CMakeFiles/CMakeTmp »
Building C object CMakeFiles/cmTC_3123e.dir/CheckIncludeFiles.c.o
/usr/bin/cc    -msse -W -Wall     -o CMakeFiles/cmTC_3123e.dir/CheckIncludeFiles.c.o   -c /home/naterforst/allegro-5.0/build/CMakeFiles/CMakeTmp/CheckIncludeFiles.c
Linking C executable cmTC_3123e
/usr/bin/cmake -E cmake_link_script CMakeFiles/cmTC_3123e.dir/link.txt --verbose=1
/usr/bin/cc   -msse -W -Wall      CMakeFiles/cmTC_3123e.dir/CheckIncludeFiles.c.o  -o cmTC_3123e -rdynamic 
make[1] : on quitte le répertoire « /home/naterforst/allegro-5.0/build/CMakeFiles/CMakeTmp »


Determining if files sys/timerfd.h exist passed with the following output:
Change Dir: /home/naterforst/allegro-5.0/build/CMakeFiles/CMakeTmp

Run Build Command:"/usr/bin/make" "cmTC_9dc2e/fast"
/usr/bin/make -f CMakeFiles/cmTC_9dc2e.dir/build.make CMakeFiles/cmTC_9dc2e.dir/build
make[1] : on entre dans le répertoire « /home/naterforst/allegro-5.0/build/CMakeFiles/CMakeTmp »
Building C object CMakeFiles/cmTC_9dc2e.dir/CheckIncludeFiles.c.o
/usr/bin/cc    -msse -W -Wall     -o CMakeFiles/cmTC_9dc2e.dir/CheckIncludeFiles.c.o   -c /home/naterforst/allegro-5.0/build/CMakeFiles/CMakeTmp/CheckIncludeFiles.c
Linking C executable cmTC_9dc2e
/usr/bin/cmake -E cmake_link_script CMakeFiles/cmTC_9dc2e.dir/link.txt --verbose=1
/usr/bin/cc   -msse -W -Wall      CMakeFiles/cmTC_9dc2e.dir/CheckIncludeFiles.c.o  -o cmTC_9dc2e -rdynamic 
make[1] : on quitte le répertoire « /home/naterforst/allegro-5.0/build/CMakeFiles/CMakeTmp »


Determining if the function mkstemp exists passed with the following output:
Change Dir: /home/naterforst/allegro-5.0/build/CMakeFiles/CMakeTmp

Run Build Command:"/usr/bin/make" "cmTC_ad44d/fast"
/usr/bin/make -f CMakeFiles/cmTC_ad44d.dir/build.make CMakeFiles/cmTC_ad44d.dir/build
make[1] : on entre dans le répertoire « /home/naterforst/allegro-5.0/build/CMakeFiles/CMakeTmp »
Building C object CMakeFiles/cmTC_ad44d.dir/CheckFunctionExists.c.o
/usr/bin/cc    -msse -W -Wall  -DCHECK_FUNCTION_EXISTS=mkstemp   -o CMakeFiles/cmTC_ad44d.dir/CheckFunctionExists.c.o   -c /usr/share/cmake-3.5/Modules/CheckFunctionExists.c
Linking C executable cmTC_ad44d
/usr/bin/cmake -E cmake_link_script CMakeFiles/cmTC_ad44d.dir/link.txt --verbose=1
/usr/bin/cc   -msse -W -Wall  -DCHECK_FUNCTION_EXISTS=mkstemp    CMakeFiles/cmTC_ad44d.dir/CheckFunctionExists.c.o  -o cmTC_ad44d -rdynamic 
make[1] : on quitte le répertoire « /home/naterforst/allegro-5.0/build/CMakeFiles/CMakeTmp »


Determining if the function mmap exists passed with the following output:
Change Dir: /home/naterforst/allegro-5.0/build/CMakeFiles/CMakeTmp

Run Build Command:"/usr/bin/make" "cmTC_59aa2/fast"
/usr/bin/make -f CMakeFiles/cmTC_59aa2.dir/build.make CMakeFiles/cmTC_59aa2.dir/build
make[1] : on entre dans le répertoire « /home/naterforst/allegro-5.0/build/CMakeFiles/CMakeTmp »
Building C object CMakeFiles/cmTC_59aa2.dir/CheckFunctionExists.c.o
/usr/bin/cc    -msse -W -Wall  -DCHECK_FUNCTION_EXISTS=mmap   -o CMakeFiles/cmTC_59aa2.dir/CheckFunctionExists.c.o   -c /usr/share/cmake-3.5/Modules/CheckFunctionExists.c
Linking C executable cmTC_59aa2
/usr/bin/cmake -E cmake_link_script CMakeFiles/cmTC_59aa2.dir/link.txt --verbose=1
/usr/bin/cc   -msse -W -Wall  -DCHECK_FUNCTION_EXISTS=mmap    CMakeFiles/cmTC_59aa2.dir/CheckFunctionExists.c.o  -o cmTC_59aa2 -rdynamic 
make[1] : on quitte le répertoire « /home/naterforst/allegro-5.0/build/CMakeFiles/CMakeTmp »


Determining if the function mprotect exists passed with the following output:
Change Dir: /home/naterforst/allegro-5.0/build/CMakeFiles/CMakeTmp

Run Build Command:"/usr/bin/make" "cmTC_a7ee9/fast"
/usr/bin/make -f CMakeFiles/cmTC_a7ee9.dir/build.make CMakeFiles/cmTC_a7ee9.dir/build
make[1] : on entre dans le répertoire « /home/naterforst/allegro-5.0/build/CMakeFiles/CMakeTmp »
Building C object CMakeFiles/cmTC_a7ee9.dir/CheckFunctionExists.c.o
/usr/bin/cc    -msse -W -Wall  -DCHECK_FUNCTION_EXISTS=mprotect   -o CMakeFiles/cmTC_a7ee9.dir/CheckFunctionExists.c.o   -c /usr/share/cmake-3.5/Modules/CheckFunctionExists.c
Linking C executable cmTC_a7ee9
/usr/bin/cmake -E cmake_link_script CMakeFiles/cmTC_a7ee9.dir/link.txt --verbose=1
/usr/bin/cc   -msse -W -Wall  -DCHECK_FUNCTION_EXISTS=mprotect    CMakeFiles/cmTC_a7ee9.dir/CheckFunctionExists.c.o  -o cmTC_a7ee9 -rdynamic 
make[1] : on quitte le répertoire « /home/naterforst/allegro-5.0/build/CMakeFiles/CMakeTmp »


Determining if the function sched_yield exists passed with the following output:
Change Dir: /home/naterforst/allegro-5.0/build/CMakeFiles/CMakeTmp

Run Build Command:"/usr/bin/make" "cmTC_c9978/fast"
/usr/bin/make -f CMakeFiles/cmTC_c9978.dir/build.make CMakeFiles/cmTC_c9978.dir/build
make[1] : on entre dans le répertoire « /home/naterforst/allegro-5.0/build/CMakeFiles/CMakeTmp »
Building C object CMakeFiles/cmTC_c9978.dir/CheckFunctionExists.c.o
/usr/bin/cc    -msse -W -Wall  -DCHECK_FUNCTION_EXISTS=sched_yield   -o CMakeFiles/cmTC_c9978.dir/CheckFunctionExists.c.o   -c /usr/share/cmake-3.5/Modules/CheckFunctionExists.c
Linking C executable cmTC_c9978
/usr/bin/cmake -E cmake_link_script CMakeFiles/cmTC_c9978.dir/link.txt --verbose=1
/usr/bin/cc   -msse -W -Wall  -DCHECK_FUNCTION_EXISTS=sched_yield    CMakeFiles/cmTC_c9978.dir/CheckFunctionExists.c.o  -o cmTC_c9978 -rdynamic 
make[1] : on quitte le répertoire « /home/naterforst/allegro-5.0/build/CMakeFiles/CMakeTmp »


Determining if the function sysconf exists passed with the following output:
Change Dir: /home/naterforst/allegro-5.0/build/CMakeFiles/CMakeTmp

Run Build Command:"/usr/bin/make" "cmTC_14e7d/fast"
/usr/bin/make -f CMakeFiles/cmTC_14e7d.dir/build.make CMakeFiles/cmTC_14e7d.dir/build
make[1] : on entre dans le répertoire « /home/naterforst/allegro-5.0/build/CMakeFiles/CMakeTmp »
Building C object CMakeFiles/cmTC_14e7d.dir/CheckFunctionExists.c.o
/usr/bin/cc    -msse -W -Wall  -DCHECK_FUNCTION_EXISTS=sysconf   -o CMakeFiles/cmTC_14e7d.dir/CheckFunctionExists.c.o   -c /usr/share/cmake-3.5/Modules/CheckFunctionExists.c
Linking C executable cmTC_14e7d
/usr/bin/cmake -E cmake_link_script CMakeFiles/cmTC_14e7d.dir/link.txt --verbose=1
/usr/bin/cc   -msse -W -Wall  -DCHECK_FUNCTION_EXISTS=sysconf    CMakeFiles/cmTC_14e7d.dir/CheckFunctionExists.c.o  -o cmTC_14e7d -rdynamic 
make[1] : on quitte le répertoire « /home/naterforst/allegro-5.0/build/CMakeFiles/CMakeTmp »


Determining if the function fseeko exists passed with the following output:
Change Dir: /home/naterforst/allegro-5.0/build/CMakeFiles/CMakeTmp

Run Build Command:"/usr/bin/make" "cmTC_c2b45/fast"
/usr/bin/make -f CMakeFiles/cmTC_c2b45.dir/build.make CMakeFiles/cmTC_c2b45.dir/build
make[1] : on entre dans le répertoire « /home/naterforst/allegro-5.0/build/CMakeFiles/CMakeTmp »
Building C object CMakeFiles/cmTC_c2b45.dir/CheckFunctionExists.c.o
/usr/bin/cc    -msse -W -Wall  -DCHECK_FUNCTION_EXISTS=fseeko   -o CMakeFiles/cmTC_c2b45.dir/CheckFunctionExists.c.o   -c /usr/share/cmake-3.5/Modules/CheckFunctionExists.c
Linking C executable cmTC_c2b45
/usr/bin/cmake -E cmake_link_script CMakeFiles/cmTC_c2b45.dir/link.txt --verbose=1
/usr/bin/cc   -msse -W -Wall  -DCHECK_FUNCTION_EXISTS=fseeko    CMakeFiles/cmTC_c2b45.dir/CheckFunctionExists.c.o  -o cmTC_c2b45 -rdynamic 
make[1] : on quitte le répertoire « /home/naterforst/allegro-5.0/build/CMakeFiles/CMakeTmp »


Determining if the function ftello exists passed with the following output:
Change Dir: /home/naterforst/allegro-5.0/build/CMakeFiles/CMakeTmp

Run Build Command:"/usr/bin/make" "cmTC_ec85d/fast"
/usr/bin/make -f CMakeFiles/cmTC_ec85d.dir/build.make CMakeFiles/cmTC_ec85d.dir/build
make[1] : on entre dans le répertoire « /home/naterforst/allegro-5.0/build/CMakeFiles/CMakeTmp »
Building C object CMakeFiles/cmTC_ec85d.dir/CheckFunctionExists.c.o
/usr/bin/cc    -msse -W -Wall  -DCHECK_FUNCTION_EXISTS=ftello   -o CMakeFiles/cmTC_ec85d.dir/CheckFunctionExists.c.o   -c /usr/share/cmake-3.5/Modules/CheckFunctionExists.c
Linking C executable cmTC_ec85d
/usr/bin/cmake -E cmake_link_script CMakeFiles/cmTC_ec85d.dir/link.txt --verbose=1
/usr/bin/cc   -msse -W -Wall  -DCHECK_FUNCTION_EXISTS=ftello    CMakeFiles/cmTC_ec85d.dir/CheckFunctionExists.c.o  -o cmTC_ec85d -rdynamic 
make[1] : on quitte le répertoire « /home/naterforst/allegro-5.0/build/CMakeFiles/CMakeTmp »


Determining size of _Bool passed with the following output:
Change Dir: /home/naterforst/allegro-5.0/build/CMakeFiles/CMakeTmp

Run Build Command:"/usr/bin/make" "cmTC_e4687/fast"
/usr/bin/make -f CMakeFiles/cmTC_e4687.dir/build.make CMakeFiles/cmTC_e4687.dir/build
make[1] : on entre dans le répertoire « /home/naterforst/allegro-5.0/build/CMakeFiles/CMakeTmp »
Building C object CMakeFiles/cmTC_e4687.dir/ALLEGRO_HAVE__BOOL.c.o
/usr/bin/cc    -msse -W -Wall     -o CMakeFiles/cmTC_e4687.dir/ALLEGRO_HAVE__BOOL.c.o   -c /home/naterforst/allegro-5.0/build/CMakeFiles/CheckTypeSize/ALLEGRO_HAVE__BOOL.c
Linking C executable cmTC_e4687
/usr/bin/cmake -E cmake_link_script CMakeFiles/cmTC_e4687.dir/link.txt --verbose=1
/usr/bin/cc   -msse -W -Wall      CMakeFiles/cmTC_e4687.dir/ALLEGRO_HAVE__BOOL.c.o  -o cmTC_e4687 -rdynamic 
make[1] : on quitte le répertoire « /home/naterforst/allegro-5.0/build/CMakeFiles/CMakeTmp »


Performing C SOURCE FILE Test ALLEGRO_HAVE_VA_COPY succeeded with the following output:
Change Dir: /home/naterforst/allegro-5.0/build/CMakeFiles/CMakeTmp

Run Build Command:"/usr/bin/make" "cmTC_cee21/fast"
/usr/bin/make -f CMakeFiles/cmTC_cee21.dir/build.make CMakeFiles/cmTC_cee21.dir/build
make[1] : on entre dans le répertoire « /home/naterforst/allegro-5.0/build/CMakeFiles/CMakeTmp »
Building C object CMakeFiles/cmTC_cee21.dir/src.c.o
/usr/bin/cc    -msse -W -Wall  -DALLEGRO_HAVE_VA_COPY   -o CMakeFiles/cmTC_cee21.dir/src.c.o   -c /home/naterforst/allegro-5.0/build/CMakeFiles/CMakeTmp/src.c
Linking C executable cmTC_cee21
/usr/bin/cmake -E cmake_link_script CMakeFiles/cmTC_cee21.dir/link.txt --verbose=1
/usr/bin/cc   -msse -W -Wall  -DALLEGRO_HAVE_VA_COPY    CMakeFiles/cmTC_cee21.dir/src.c.o  -o cmTC_cee21 -rdynamic 
make[1] : on quitte le répertoire « /home/naterforst/allegro-5.0/build/CMakeFiles/CMakeTmp »

Source file was:

    #include <stdarg.h>
    int main(void) {
        va_list a, b;
        va_copy(a, b);
        return 0;
    }
Determining if the include file pthread.h exists passed with the following output:
Change Dir: /home/naterforst/allegro-5.0/build/CMakeFiles/CMakeTmp

Run Build Command:"/usr/bin/make" "cmTC_06019/fast"
/usr/bin/make -f CMakeFiles/cmTC_06019.dir/build.make CMakeFiles/cmTC_06019.dir/build
make[1] : on entre dans le répertoire « /home/naterforst/allegro-5.0/build/CMakeFiles/CMakeTmp »
Building C object CMakeFiles/cmTC_06019.dir/CheckIncludeFile.c.o
/usr/bin/cc    -msse -W -Wall     -o CMakeFiles/cmTC_06019.dir/CheckIncludeFile.c.o   -c /home/naterforst/allegro-5.0/build/CMakeFiles/CMakeTmp/CheckIncludeFile.c
Linking C executable cmTC_06019
/usr/bin/cmake -E cmake_link_script CMakeFiles/cmTC_06019.dir/link.txt --verbose=1
/usr/bin/cc   -msse -W -Wall      CMakeFiles/cmTC_06019.dir/CheckIncludeFile.c.o  -o cmTC_06019 -rdynamic 
make[1] : on quitte le répertoire « /home/naterforst/allegro-5.0/build/CMakeFiles/CMakeTmp »


Determining if the function pthread_create exists in the pthread passed with the following output:
Change Dir: /home/naterforst/allegro-5.0/build/CMakeFiles/CMakeTmp

Run Build Command:"/usr/bin/make" "cmTC_2db04/fast"
/usr/bin/make -f CMakeFiles/cmTC_2db04.dir/build.make CMakeFiles/cmTC_2db04.dir/build
make[1] : on entre dans le répertoire « /home/naterforst/allegro-5.0/build/CMakeFiles/CMakeTmp »
Building C object CMakeFiles/cmTC_2db04.dir/CheckFunctionExists.c.o
/usr/bin/cc    -msse -W -Wall  -DCHECK_FUNCTION_EXISTS=pthread_create   -o CMakeFiles/cmTC_2db04.dir/CheckFunctionExists.c.o   -c /usr/share/cmake-3.5/Modules/CheckFunctionExists.c
Linking C executable cmTC_2db04
/usr/bin/cmake -E cmake_link_script CMakeFiles/cmTC_2db04.dir/link.txt --verbose=1
/usr/bin/cc   -msse -W -Wall  -DCHECK_FUNCTION_EXISTS=pthread_create    CMakeFiles/cmTC_2db04.dir/CheckFunctionExists.c.o  -o cmTC_2db04 -rdynamic -lpthread 
make[1] : on quitte le répertoire « /home/naterforst/allegro-5.0/build/CMakeFiles/CMakeTmp »


Determining if the function XOpenDisplay exists in the /usr/lib/x86_64-linux-gnu/libX11.so;/usr/lib/x86_64-linux-gnu/libXext.so passed with the following output:
Change Dir: /home/naterforst/allegro-5.0/build/CMakeFiles/CMakeTmp

Run Build Command:"/usr/bin/make" "cmTC_500f5/fast"
/usr/bin/make -f CMakeFiles/cmTC_500f5.dir/build.make CMakeFiles/cmTC_500f5.dir/build
make[1] : on entre dans le répertoire « /home/naterforst/allegro-5.0/build/CMakeFiles/CMakeTmp »
Building C object CMakeFiles/cmTC_500f5.dir/CheckFunctionExists.c.o
/usr/bin/cc    -msse -W -Wall  -DCHECK_FUNCTION_EXISTS=XOpenDisplay   -o CMakeFiles/cmTC_500f5.dir/CheckFunctionExists.c.o   -c /usr/share/cmake-3.5/Modules/CheckFunctionExists.c
Linking C executable cmTC_500f5
/usr/bin/cmake -E cmake_link_script CMakeFiles/cmTC_500f5.dir/link.txt --verbose=1
/usr/bin/cc   -msse -W -Wall  -DCHECK_FUNCTION_EXISTS=XOpenDisplay    CMakeFiles/cmTC_500f5.dir/CheckFunctionExists.c.o  -o cmTC_500f5 -rdynamic /usr/lib/x86_64-linux-gnu/libX11.so /usr/lib/x86_64-linux-gnu/libXext.so 
make[1] : on quitte le répertoire « /home/naterforst/allegro-5.0/build/CMakeFiles/CMakeTmp »


Determining if the function gethostbyname exists passed with the following output:
Change Dir: /home/naterforst/allegro-5.0/build/CMakeFiles/CMakeTmp

Run Build Command:"/usr/bin/make" "cmTC_c4124/fast"
/usr/bin/make -f CMakeFiles/cmTC_c4124.dir/build.make CMakeFiles/cmTC_c4124.dir/build
make[1] : on entre dans le répertoire « /home/naterforst/allegro-5.0/build/CMakeFiles/CMakeTmp »
Building C object CMakeFiles/cmTC_c4124.dir/CheckFunctionExists.c.o
/usr/bin/cc    -msse -W -Wall  -DCHECK_FUNCTION_EXISTS=gethostbyname   -o CMakeFiles/cmTC_c4124.dir/CheckFunctionExists.c.o   -c /usr/share/cmake-3.5/Modules/CheckFunctionExists.c
Linking C executable cmTC_c4124
/usr/bin/cmake -E cmake_link_script CMakeFiles/cmTC_c4124.dir/link.txt --verbose=1
/usr/bin/cc   -msse -W -Wall  -DCHECK_FUNCTION_EXISTS=gethostbyname    CMakeFiles/cmTC_c4124.dir/CheckFunctionExists.c.o  -o cmTC_c4124 -rdynamic 
make[1] : on quitte le répertoire « /home/naterforst/allegro-5.0/build/CMakeFiles/CMakeTmp »


Determining if the function connect exists passed with the following output:
Change Dir: /home/naterforst/allegro-5.0/build/CMakeFiles/CMakeTmp

Run Build Command:"/usr/bin/make" "cmTC_26c12/fast"
/usr/bin/make -f CMakeFiles/cmTC_26c12.dir/build.make CMakeFiles/cmTC_26c12.dir/build
make[1] : on entre dans le répertoire « /home/naterforst/allegro-5.0/build/CMakeFiles/CMakeTmp »
Building C object CMakeFiles/cmTC_26c12.dir/CheckFunctionExists.c.o
/usr/bin/cc    -msse -W -Wall  -DCHECK_FUNCTION_EXISTS=connect   -o CMakeFiles/cmTC_26c12.dir/CheckFunctionExists.c.o   -c /usr/share/cmake-3.5/Modules/CheckFunctionExists.c
Linking C executable cmTC_26c12
/usr/bin/cmake -E cmake_link_script CMakeFiles/cmTC_26c12.dir/link.txt --verbose=1
/usr/bin/cc   -msse -W -Wall  -DCHECK_FUNCTION_EXISTS=connect    CMakeFiles/cmTC_26c12.dir/CheckFunctionExists.c.o  -o cmTC_26c12 -rdynamic 
make[1] : on quitte le répertoire « /home/naterforst/allegro-5.0/build/CMakeFiles/CMakeTmp »


Determining if the function remove exists passed with the following output:
Change Dir: /home/naterforst/allegro-5.0/build/CMakeFiles/CMakeTmp

Run Build Command:"/usr/bin/make" "cmTC_18a65/fast"
/usr/bin/make -f CMakeFiles/cmTC_18a65.dir/build.make CMakeFiles/cmTC_18a65.dir/build
make[1] : on entre dans le répertoire « /home/naterforst/allegro-5.0/build/CMakeFiles/CMakeTmp »
Building C object CMakeFiles/cmTC_18a65.dir/CheckFunctionExists.c.o
/usr/bin/cc    -msse -W -Wall  -DCHECK_FUNCTION_EXISTS=remove   -o CMakeFiles/cmTC_18a65.dir/CheckFunctionExists.c.o   -c /usr/share/cmake-3.5/Modules/CheckFunctionExists.c
Linking C executable cmTC_18a65
/usr/bin/cmake -E cmake_link_script CMakeFiles/cmTC_18a65.dir/link.txt --verbose=1
/usr/bin/cc   -msse -W -Wall  -DCHECK_FUNCTION_EXISTS=remove    CMakeFiles/cmTC_18a65.dir/CheckFunctionExists.c.o  -o cmTC_18a65 -rdynamic 
make[1] : on quitte le répertoire « /home/naterforst/allegro-5.0/build/CMakeFiles/CMakeTmp »


Determining if the function shmat exists passed with the following output:
Change Dir: /home/naterforst/allegro-5.0/build/CMakeFiles/CMakeTmp

Run Build Command:"/usr/bin/make" "cmTC_c4600/fast"
/usr/bin/make -f CMakeFiles/cmTC_c4600.dir/build.make CMakeFiles/cmTC_c4600.dir/build
make[1] : on entre dans le répertoire « /home/naterforst/allegro-5.0/build/CMakeFiles/CMakeTmp »
Building C object CMakeFiles/cmTC_c4600.dir/CheckFunctionExists.c.o
/usr/bin/cc    -msse -W -Wall  -DCHECK_FUNCTION_EXISTS=shmat   -o CMakeFiles/cmTC_c4600.dir/CheckFunctionExists.c.o   -c /usr/share/cmake-3.5/Modules/CheckFunctionExists.c
Linking C executable cmTC_c4600
/usr/bin/cmake -E cmake_link_script CMakeFiles/cmTC_c4600.dir/link.txt --verbose=1
/usr/bin/cc   -msse -W -Wall  -DCHECK_FUNCTION_EXISTS=shmat    CMakeFiles/cmTC_c4600.dir/CheckFunctionExists.c.o  -o cmTC_c4600 -rdynamic 
make[1] : on quitte le répertoire « /home/naterforst/allegro-5.0/build/CMakeFiles/CMakeTmp »


Determining if the function IceConnectionNumber exists in the ICE passed with the following output:
Change Dir: /home/naterforst/allegro-5.0/build/CMakeFiles/CMakeTmp

Run Build Command:"/usr/bin/make" "cmTC_3c9ff/fast"
/usr/bin/make -f CMakeFiles/cmTC_3c9ff.dir/build.make CMakeFiles/cmTC_3c9ff.dir/build
make[1] : on entre dans le répertoire « /home/naterforst/allegro-5.0/build/CMakeFiles/CMakeTmp »
Building C object CMakeFiles/cmTC_3c9ff.dir/CheckFunctionExists.c.o
/usr/bin/cc    -msse -W -Wall  -DCHECK_FUNCTION_EXISTS=IceConnectionNumber   -o CMakeFiles/cmTC_3c9ff.dir/CheckFunctionExists.c.o   -c /usr/share/cmake-3.5/Modules/CheckFunctionExists.c
Linking C executable cmTC_3c9ff
/usr/bin/cmake -E cmake_link_script CMakeFiles/cmTC_3c9ff.dir/link.txt --verbose=1
/usr/bin/cc   -msse -W -Wall  -DCHECK_FUNCTION_EXISTS=IceConnectionNumber    CMakeFiles/cmTC_3c9ff.dir/CheckFunctionExists.c.o  -o cmTC_3c9ff -rdynamic -lICE 
make[1] : on quitte le répertoire « /home/naterforst/allegro-5.0/build/CMakeFiles/CMakeTmp »


Determining if the function XShmQueryExtension exists in the Xext passed with the following output:
Change Dir: /home/naterforst/allegro-5.0/build/CMakeFiles/CMakeTmp

Run Build Command:"/usr/bin/make" "cmTC_0c5e3/fast"
/usr/bin/make -f CMakeFiles/cmTC_0c5e3.dir/build.make CMakeFiles/cmTC_0c5e3.dir/build
make[1] : on entre dans le répertoire « /home/naterforst/allegro-5.0/build/CMakeFiles/CMakeTmp »
Building C object CMakeFiles/cmTC_0c5e3.dir/CheckFunctionExists.c.o
/usr/bin/cc    -msse -W -Wall  -DCHECK_FUNCTION_EXISTS=XShmQueryExtension   -o CMakeFiles/cmTC_0c5e3.dir/CheckFunctionExists.c.o   -c /usr/share/cmake-3.5/Modules/CheckFunctionExists.c
Linking C executable cmTC_0c5e3
/usr/bin/cmake -E cmake_link_script CMakeFiles/cmTC_0c5e3.dir/link.txt --verbose=1
/usr/bin/cc   -msse -W -Wall  -DCHECK_FUNCTION_EXISTS=XShmQueryExtension    CMakeFiles/cmTC_0c5e3.dir/CheckFunctionExists.c.o  -o cmTC_0c5e3 -rdynamic -lXext /usr/lib/x86_64-linux-gnu/libSM.so /usr/lib/x86_64-linux-gnu/libICE.so /usr/lib/x86_64-linux-gnu/libX11.so /usr/lib/x86_64-linux-gnu/libXext.so 
make[1] : on quitte le répertoire « /home/naterforst/allegro-5.0/build/CMakeFiles/CMakeTmp »


Determining if the function XcursorImageCreate exists in the Xcursor passed with the following output:
Change Dir: /home/naterforst/allegro-5.0/build/CMakeFiles/CMakeTmp

Run Build Command:"/usr/bin/make" "cmTC_7ebe6/fast"
/usr/bin/make -f CMakeFiles/cmTC_7ebe6.dir/build.make CMakeFiles/cmTC_7ebe6.dir/build
make[1] : on entre dans le répertoire « /home/naterforst/allegro-5.0/build/CMakeFiles/CMakeTmp »
Building C object CMakeFiles/cmTC_7ebe6.dir/CheckFunctionExists.c.o
/usr/bin/cc    -msse -W -Wall  -DCHECK_FUNCTION_EXISTS=XcursorImageCreate   -o CMakeFiles/cmTC_7ebe6.dir/CheckFunctionExists.c.o   -c /usr/share/cmake-3.5/Modules/CheckFunctionExists.c
Linking C executable cmTC_7ebe6
/usr/bin/cmake -E cmake_link_script CMakeFiles/cmTC_7ebe6.dir/link.txt --verbose=1
/usr/bin/cc   -msse -W -Wall  -DCHECK_FUNCTION_EXISTS=XcursorImageCreate    CMakeFiles/cmTC_7ebe6.dir/CheckFunctionExists.c.o  -o cmTC_7ebe6 -rdynamic -lXcursor /usr/lib/x86_64-linux-gnu/libSM.so /usr/lib/x86_64-linux-gnu/libICE.so /usr/lib/x86_64-linux-gnu/libX11.so /usr/lib/x86_64-linux-gnu/libXext.so 
make[1] : on quitte le répertoire « /home/naterforst/allegro-5.0/build/CMakeFiles/CMakeTmp »


Determining if the function XF86VidModeQueryExtension exists in the Xxf86vm passed with the following output:
Change Dir: /home/naterforst/allegro-5.0/build/CMakeFiles/CMakeTmp

Run Build Command:"/usr/bin/make" "cmTC_6281e/fast"
/usr/bin/make -f CMakeFiles/cmTC_6281e.dir/build.make CMakeFiles/cmTC_6281e.dir/build
make[1] : on entre dans le répertoire « /home/naterforst/allegro-5.0/build/CMakeFiles/CMakeTmp »
Building C object CMakeFiles/cmTC_6281e.dir/CheckFunctionExists.c.o
/usr/bin/cc    -msse -W -Wall  -DCHECK_FUNCTION_EXISTS=XF86VidModeQueryExtension   -o CMakeFiles/cmTC_6281e.dir/CheckFunctionExists.c.o   -c /usr/share/cmake-3.5/Modules/CheckFunctionExists.c
Linking C executable cmTC_6281e
/usr/bin/cmake -E cmake_link_script CMakeFiles/cmTC_6281e.dir/link.txt --verbose=1
/usr/bin/cc   -msse -W -Wall  -DCHECK_FUNCTION_EXISTS=XF86VidModeQueryExtension    CMakeFiles/cmTC_6281e.dir/CheckFunctionExists.c.o  -o cmTC_6281e -rdynamic -lXxf86vm /usr/lib/x86_64-linux-gnu/libSM.so /usr/lib/x86_64-linux-gnu/libICE.so /usr/lib/x86_64-linux-gnu/libX11.so /usr/lib/x86_64-linux-gnu/libXext.so 
make[1] : on quitte le répertoire « /home/naterforst/allegro-5.0/build/CMakeFiles/CMakeTmp »


Determining if the include file X11/extensions/Xinerama.h exists passed with the following output:
Change Dir: /home/naterforst/allegro-5.0/build/CMakeFiles/CMakeTmp

Run Build Command:"/usr/bin/make" "cmTC_6d436/fast"
/usr/bin/make -f CMakeFiles/cmTC_6d436.dir/build.make CMakeFiles/cmTC_6d436.dir/build
make[1] : on entre dans le répertoire « /home/naterforst/allegro-5.0/build/CMakeFiles/CMakeTmp »
Building C object CMakeFiles/cmTC_6d436.dir/CheckIncludeFile.c.o
/usr/bin/cc    -msse -W -Wall     -o CMakeFiles/cmTC_6d436.dir/CheckIncludeFile.c.o   -c /home/naterforst/allegro-5.0/build/CMakeFiles/CMakeTmp/CheckIncludeFile.c
Linking C executable cmTC_6d436
/usr/bin/cmake -E cmake_link_script CMakeFiles/cmTC_6d436.dir/link.txt --verbose=1
/usr/bin/cc   -msse -W -Wall      CMakeFiles/cmTC_6d436.dir/CheckIncludeFile.c.o  -o cmTC_6d436 -rdynamic 
make[1] : on quitte le répertoire « /home/naterforst/allegro-5.0/build/CMakeFiles/CMakeTmp »


Determining if the function XineramaQueryExtension exists in the Xinerama passed with the following output:
Change Dir: /home/naterforst/allegro-5.0/build/CMakeFiles/CMakeTmp

Run Build Command:"/usr/bin/make" "cmTC_bcefa/fast"
/usr/bin/make -f CMakeFiles/cmTC_bcefa.dir/build.make CMakeFiles/cmTC_bcefa.dir/build
make[1] : on entre dans le répertoire « /home/naterforst/allegro-5.0/build/CMakeFiles/CMakeTmp »
Building C object CMakeFiles/cmTC_bcefa.dir/CheckFunctionExists.c.o
/usr/bin/cc    -msse -W -Wall  -DCHECK_FUNCTION_EXISTS=XineramaQueryExtension   -o CMakeFiles/cmTC_bcefa.dir/CheckFunctionExists.c.o   -c /usr/share/cmake-3.5/Modules/CheckFunctionExists.c
Linking C executable cmTC_bcefa
/usr/bin/cmake -E cmake_link_script CMakeFiles/cmTC_bcefa.dir/link.txt --verbose=1
/usr/bin/cc   -msse -W -Wall  -DCHECK_FUNCTION_EXISTS=XineramaQueryExtension    CMakeFiles/cmTC_bcefa.dir/CheckFunctionExists.c.o  -o cmTC_bcefa -rdynamic -lXinerama /usr/lib/x86_64-linux-gnu/libSM.so /usr/lib/x86_64-linux-gnu/libICE.so /usr/lib/x86_64-linux-gnu/libX11.so /usr/lib/x86_64-linux-gnu/libXext.so 
make[1] : on quitte le répertoire « /home/naterforst/allegro-5.0/build/CMakeFiles/CMakeTmp »


Determining if the include file X11/extensions/Xrandr.h exists passed with the following output:
Change Dir: /home/naterforst/allegro-5.0/build/CMakeFiles/CMakeTmp

Run Build Command:"/usr/bin/make" "cmTC_ff65b/fast"
/usr/bin/make -f CMakeFiles/cmTC_ff65b.dir/build.make CMakeFiles/cmTC_ff65b.dir/build
make[1] : on entre dans le répertoire « /home/naterforst/allegro-5.0/build/CMakeFiles/CMakeTmp »
Building C object CMakeFiles/cmTC_ff65b.dir/CheckIncludeFile.c.o
/usr/bin/cc    -msse -W -Wall     -o CMakeFiles/cmTC_ff65b.dir/CheckIncludeFile.c.o   -c /home/naterforst/allegro-5.0/build/CMakeFiles/CMakeTmp/CheckIncludeFile.c
Linking C executable cmTC_ff65b
/usr/bin/cmake -E cmake_link_script CMakeFiles/cmTC_ff65b.dir/link.txt --verbose=1
/usr/bin/cc   -msse -W -Wall      CMakeFiles/cmTC_ff65b.dir/CheckIncludeFile.c.o  -o cmTC_ff65b -rdynamic 
make[1] : on quitte le répertoire « /home/naterforst/allegro-5.0/build/CMakeFiles/CMakeTmp »


Determining if the function XRRQueryExtension exists in the Xrandr passed with the following output:
Change Dir: /home/naterforst/allegro-5.0/build/CMakeFiles/CMakeTmp

Run Build Command:"/usr/bin/make" "cmTC_7c408/fast"
/usr/bin/make -f CMakeFiles/cmTC_7c408.dir/build.make CMakeFiles/cmTC_7c408.dir/build
make[1] : on entre dans le répertoire « /home/naterforst/allegro-5.0/build/CMakeFiles/CMakeTmp »
Building C object CMakeFiles/cmTC_7c408.dir/CheckFunctionExists.c.o
/usr/bin/cc    -msse -W -Wall  -DCHECK_FUNCTION_EXISTS=XRRQueryExtension   -o CMakeFiles/cmTC_7c408.dir/CheckFunctionExists.c.o   -c /usr/share/cmake-3.5/Modules/CheckFunctionExists.c
Linking C executable cmTC_7c408
/usr/bin/cmake -E cmake_link_script CMakeFiles/cmTC_7c408.dir/link.txt --verbose=1
/usr/bin/cc   -msse -W -Wall  -DCHECK_FUNCTION_EXISTS=XRRQueryExtension    CMakeFiles/cmTC_7c408.dir/CheckFunctionExists.c.o  -o cmTC_7c408 -rdynamic -lXrandr /usr/lib/x86_64-linux-gnu/libSM.so /usr/lib/x86_64-linux-gnu/libICE.so /usr/lib/x86_64-linux-gnu/libX11.so /usr/lib/x86_64-linux-gnu/libXext.so 
make[1] : on quitte le répertoire « /home/naterforst/allegro-5.0/build/CMakeFiles/CMakeTmp »


Determining if the function XOpenIM exists in the X11 passed with the following output:
Change Dir: /home/naterforst/allegro-5.0/build/CMakeFiles/CMakeTmp

Run Build Command:"/usr/bin/make" "cmTC_55696/fast"
/usr/bin/make -f CMakeFiles/cmTC_55696.dir/build.make CMakeFiles/cmTC_55696.dir/build
make[1] : on entre dans le répertoire « /home/naterforst/allegro-5.0/build/CMakeFiles/CMakeTmp »
Building C object CMakeFiles/cmTC_55696.dir/CheckFunctionExists.c.o
/usr/bin/cc    -msse -W -Wall  -DCHECK_FUNCTION_EXISTS=XOpenIM   -o CMakeFiles/cmTC_55696.dir/CheckFunctionExists.c.o   -c /usr/share/cmake-3.5/Modules/CheckFunctionExists.c
Linking C executable cmTC_55696
/usr/bin/cmake -E cmake_link_script CMakeFiles/cmTC_55696.dir/link.txt --verbose=1
/usr/bin/cc   -msse -W -Wall  -DCHECK_FUNCTION_EXISTS=XOpenIM    CMakeFiles/cmTC_55696.dir/CheckFunctionExists.c.o  -o cmTC_55696 -rdynamic -lX11 /usr/lib/x86_64-linux-gnu/libSM.so /usr/lib/x86_64-linux-gnu/libICE.so /usr/lib/x86_64-linux-gnu/libX11.so /usr/lib/x86_64-linux-gnu/libXext.so 
make[1] : on quitte le répertoire « /home/naterforst/allegro-5.0/build/CMakeFiles/CMakeTmp »


Determining if files X11/xpm.h exist passed with the following output:
Change Dir: /home/naterforst/allegro-5.0/build/CMakeFiles/CMakeTmp

Run Build Command:"/usr/bin/make" "cmTC_35dcc/fast"
/usr/bin/make -f CMakeFiles/cmTC_35dcc.dir/build.make CMakeFiles/cmTC_35dcc.dir/build
make[1] : on entre dans le répertoire « /home/naterforst/allegro-5.0/build/CMakeFiles/CMakeTmp »
Building C object CMakeFiles/cmTC_35dcc.dir/CheckIncludeFiles.c.o
/usr/bin/cc    -msse -W -Wall     -o CMakeFiles/cmTC_35dcc.dir/CheckIncludeFiles.c.o   -c /home/naterforst/allegro-5.0/build/CMakeFiles/CMakeTmp/CheckIncludeFiles.c
Linking C executable cmTC_35dcc
/usr/bin/cmake -E cmake_link_script CMakeFiles/cmTC_35dcc.dir/link.txt --verbose=1
/usr/bin/cc   -msse -W -Wall      CMakeFiles/cmTC_35dcc.dir/CheckIncludeFiles.c.o  -o cmTC_35dcc -rdynamic 
make[1] : on quitte le répertoire « /home/naterforst/allegro-5.0/build/CMakeFiles/CMakeTmp »


Determining if the function XpmCreatePixmapFromData exists in the Xpm passed with the following output:
Change Dir: /home/naterforst/allegro-5.0/build/CMakeFiles/CMakeTmp

Run Build Command:"/usr/bin/make" "cmTC_270bd/fast"
/usr/bin/make -f CMakeFiles/cmTC_270bd.dir/build.make CMakeFiles/cmTC_270bd.dir/build
make[1] : on entre dans le répertoire « /home/naterforst/allegro-5.0/build/CMakeFiles/CMakeTmp »
Building C object CMakeFiles/cmTC_270bd.dir/CheckFunctionExists.c.o
/usr/bin/cc    -msse -W -Wall  -DCHECK_FUNCTION_EXISTS=XpmCreatePixmapFromData   -o CMakeFiles/cmTC_270bd.dir/CheckFunctionExists.c.o   -c /usr/share/cmake-3.5/Modules/CheckFunctionExists.c
Linking C executable cmTC_270bd
/usr/bin/cmake -E cmake_link_script CMakeFiles/cmTC_270bd.dir/link.txt --verbose=1
/usr/bin/cc   -msse -W -Wall  -DCHECK_FUNCTION_EXISTS=XpmCreatePixmapFromData    CMakeFiles/cmTC_270bd.dir/CheckFunctionExists.c.o  -o cmTC_270bd -rdynamic -lXpm /usr/lib/x86_64-linux-gnu/libSM.so /usr/lib/x86_64-linux-gnu/libICE.so /usr/lib/x86_64-linux-gnu/libX11.so /usr/lib/x86_64-linux-gnu/libXext.so 
make[1] : on quitte le répertoire « /home/naterforst/allegro-5.0/build/CMakeFiles/CMakeTmp »


Performing C SOURCE FILE Test OSS_COMPILES succeeded with the following output:
Change Dir: /home/naterforst/allegro-5.0/build/CMakeFiles/CMakeTmp

Run Build Command:"/usr/bin/make" "cmTC_90029/fast"
/usr/bin/make -f CMakeFiles/cmTC_90029.dir/build.make CMakeFiles/cmTC_90029.dir/build
make[1] : on entre dans le répertoire « /home/naterforst/allegro-5.0/build/CMakeFiles/CMakeTmp »
Building C object CMakeFiles/cmTC_90029.dir/src.c.o
/usr/bin/cc  -DALLEGRO_HAVE_LINUX_SOUNDCARD_H -DALLEGRO_HAVE_SYS_SOUNDCARD_H  -msse -W -Wall  -DOSS_COMPILES   -o CMakeFiles/cmTC_90029.dir/src.c.o   -c /home/naterforst/allegro-5.0/build/CMakeFiles/CMakeTmp/src.c
/home/naterforst/allegro-5.0/build/CMakeFiles/CMakeTmp/src.c: In function ‘main’:
/home/naterforst/allegro-5.0/build/CMakeFiles/CMakeTmp/src.c:15:28: warning: unused variable ‘abi’ [-Wunused-variable]
             audio_buf_info abi;
                            ^
Linking C executable cmTC_90029
/usr/bin/cmake -E cmake_link_script CMakeFiles/cmTC_90029.dir/link.txt --verbose=1
/usr/bin/cc   -msse -W -Wall  -DOSS_COMPILES    CMakeFiles/cmTC_90029.dir/src.c.o  -o cmTC_90029 -rdynamic 
make[1] : on quitte le répertoire « /home/naterforst/allegro-5.0/build/CMakeFiles/CMakeTmp »

Source file was:

        #ifdef ALLEGRO_HAVE_SOUNDCARD_H
        #include <soundcard.h>
        #endif
        #ifdef ALLEGRO_HAVE_SYS_SOUNDCARD_H
        #include <sys/soundcard.h>
        #endif
        #ifdef ALLEGRO_HAVE_LINUX_SOUNDCARD_H
        #include <linux/soundcard.h>
        #endif
        #ifdef ALLEGRO_HAVE_MACHINE_SOUNDCARD_H
        #include <machine/soundcard.h>
        #endif
        int main(void) {
            audio_buf_info abi;
            return 0;
        }
