Determining if the system is big endian passed with the following output:
Change Dir: /home/naterforst/allegro-5.0/build/CMakeFiles/CMakeTmp

Run Build Command:"/usr/bin/make" "cmTC_0ff4e/fast"
/usr/bin/make -f CMakeFiles/cmTC_0ff4e.dir/build.make CMakeFiles/cmTC_0ff4e.dir/build
make[1] : on entre dans le répertoire « /home/naterforst/allegro-5.0/build/CMakeFiles/CMakeTmp »
Building C object CMakeFiles/cmTC_0ff4e.dir/TestEndianess.c.o
/usr/bin/cc    -msse -W -Wall     -o CMakeFiles/cmTC_0ff4e.dir/TestEndianess.c.o   -c /home/naterforst/allegro-5.0/build/CMakeFiles/CMakeTmp/TestEndianess.c
Linking C executable cmTC_0ff4e
/usr/bin/cmake -E cmake_link_script CMakeFiles/cmTC_0ff4e.dir/link.txt --verbose=1
/usr/bin/cc   -msse -W -Wall      CMakeFiles/cmTC_0ff4e.dir/TestEndianess.c.o  -o cmTC_0ff4e -rdynamic 
make[1] : on quitte le répertoire « /home/naterforst/allegro-5.0/build/CMakeFiles/CMakeTmp »

TestEndianess.c:
/* A 16 bit integer is required. */
typedef unsigned short cmakeint16;

/* On a little endian machine, these 16bit ints will give "THIS IS LITTLE ENDIAN."
   On a big endian machine the characters will be exchanged pairwise. */
const cmakeint16 info_little[] =  {0x4854, 0x5349, 0x4920, 0x2053, 0x494c, 0x5454, 0x454c, 0x4520, 0x444e, 0x4149, 0x2e4e, 0x0000};

/* on a big endian machine, these 16bit ints will give "THIS IS BIG ENDIAN."
   On a little endian machine the characters will be exchanged pairwise. */
const cmakeint16 info_big[] =     {0x5448, 0x4953, 0x2049, 0x5320, 0x4249, 0x4720, 0x454e, 0x4449, 0x414e, 0x2e2e, 0x0000};

#ifdef __CLASSIC_C__
int main(argc, argv) int argc; char *argv[];
#else
int main(int argc, char *argv[])
#endif
{
  int require = 0;
  require += info_little[argc];
  require += info_big[argc];
  (void)argv;
  return require;
}


Determining if files soundcard.h exist failed with the following output:
Change Dir: /home/naterforst/allegro-5.0/build/CMakeFiles/CMakeTmp

Run Build Command:"/usr/bin/make" "cmTC_800bd/fast"
/usr/bin/make -f CMakeFiles/cmTC_800bd.dir/build.make CMakeFiles/cmTC_800bd.dir/build
make[1] : on entre dans le répertoire « /home/naterforst/allegro-5.0/build/CMakeFiles/CMakeTmp »
Building C object CMakeFiles/cmTC_800bd.dir/CheckIncludeFiles.c.o
/usr/bin/cc    -msse -W -Wall     -o CMakeFiles/cmTC_800bd.dir/CheckIncludeFiles.c.o   -c /home/naterforst/allegro-5.0/build/CMakeFiles/CMakeTmp/CheckIncludeFiles.c
/home/naterforst/allegro-5.0/build/CMakeFiles/CMakeTmp/CheckIncludeFiles.c:2:23: fatal error: soundcard.h: Aucun fichier ou dossier de ce type
compilation terminated.
CMakeFiles/cmTC_800bd.dir/build.make:65 : la recette pour la cible « CMakeFiles/cmTC_800bd.dir/CheckIncludeFiles.c.o » a échouée
make[1]: *** [CMakeFiles/cmTC_800bd.dir/CheckIncludeFiles.c.o] Erreur 1
make[1] : on quitte le répertoire « /home/naterforst/allegro-5.0/build/CMakeFiles/CMakeTmp »
Makefile:126 : la recette pour la cible « cmTC_800bd/fast » a échouée
make: *** [cmTC_800bd/fast] Erreur 2

Source:
/* */
#include <soundcard.h>


int main(void){return 0;}

Determining if files machine/soundcard.h exist failed with the following output:
Change Dir: /home/naterforst/allegro-5.0/build/CMakeFiles/CMakeTmp

Run Build Command:"/usr/bin/make" "cmTC_99328/fast"
/usr/bin/make -f CMakeFiles/cmTC_99328.dir/build.make CMakeFiles/cmTC_99328.dir/build
make[1] : on entre dans le répertoire « /home/naterforst/allegro-5.0/build/CMakeFiles/CMakeTmp »
Building C object CMakeFiles/cmTC_99328.dir/CheckIncludeFiles.c.o
/usr/bin/cc    -msse -W -Wall     -o CMakeFiles/cmTC_99328.dir/CheckIncludeFiles.c.o   -c /home/naterforst/allegro-5.0/build/CMakeFiles/CMakeTmp/CheckIncludeFiles.c
/home/naterforst/allegro-5.0/build/CMakeFiles/CMakeTmp/CheckIncludeFiles.c:2:31: fatal error: machine/soundcard.h: Aucun fichier ou dossier de ce type
compilation terminated.
CMakeFiles/cmTC_99328.dir/build.make:65 : la recette pour la cible « CMakeFiles/cmTC_99328.dir/CheckIncludeFiles.c.o » a échouée
make[1]: *** [CMakeFiles/cmTC_99328.dir/CheckIncludeFiles.c.o] Erreur 1
make[1] : on quitte le répertoire « /home/naterforst/allegro-5.0/build/CMakeFiles/CMakeTmp »
Makefile:126 : la recette pour la cible « cmTC_99328/fast » a échouée
make: *** [cmTC_99328/fast] Erreur 2

Source:
/* */
#include <machine/soundcard.h>


int main(void){return 0;}

Determining if files libkern/OSAtomic.h exist failed with the following output:
Change Dir: /home/naterforst/allegro-5.0/build/CMakeFiles/CMakeTmp

Run Build Command:"/usr/bin/make" "cmTC_b7e26/fast"
/usr/bin/make -f CMakeFiles/cmTC_b7e26.dir/build.make CMakeFiles/cmTC_b7e26.dir/build
make[1] : on entre dans le répertoire « /home/naterforst/allegro-5.0/build/CMakeFiles/CMakeTmp »
Building C object CMakeFiles/cmTC_b7e26.dir/CheckIncludeFiles.c.o
/usr/bin/cc    -msse -W -Wall     -o CMakeFiles/cmTC_b7e26.dir/CheckIncludeFiles.c.o   -c /home/naterforst/allegro-5.0/build/CMakeFiles/CMakeTmp/CheckIncludeFiles.c
/home/naterforst/allegro-5.0/build/CMakeFiles/CMakeTmp/CheckIncludeFiles.c:2:30: fatal error: libkern/OSAtomic.h: Aucun fichier ou dossier de ce type
compilation terminated.
CMakeFiles/cmTC_b7e26.dir/build.make:65 : la recette pour la cible « CMakeFiles/cmTC_b7e26.dir/CheckIncludeFiles.c.o » a échouée
make[1]: *** [CMakeFiles/cmTC_b7e26.dir/CheckIncludeFiles.c.o] Erreur 1
make[1] : on quitte le répertoire « /home/naterforst/allegro-5.0/build/CMakeFiles/CMakeTmp »
Makefile:126 : la recette pour la cible « cmTC_b7e26/fast » a échouée
make: *** [cmTC_b7e26/fast] Erreur 2

Source:
/* */
#include <libkern/OSAtomic.h>


int main(void){return 0;}

Determining if the function getexecname exists failed with the following output:
Change Dir: /home/naterforst/allegro-5.0/build/CMakeFiles/CMakeTmp

Run Build Command:"/usr/bin/make" "cmTC_65664/fast"
/usr/bin/make -f CMakeFiles/cmTC_65664.dir/build.make CMakeFiles/cmTC_65664.dir/build
make[1] : on entre dans le répertoire « /home/naterforst/allegro-5.0/build/CMakeFiles/CMakeTmp »
Building C object CMakeFiles/cmTC_65664.dir/CheckFunctionExists.c.o
/usr/bin/cc    -msse -W -Wall  -DCHECK_FUNCTION_EXISTS=getexecname   -o CMakeFiles/cmTC_65664.dir/CheckFunctionExists.c.o   -c /usr/share/cmake-3.5/Modules/CheckFunctionExists.c
Linking C executable cmTC_65664
/usr/bin/cmake -E cmake_link_script CMakeFiles/cmTC_65664.dir/link.txt --verbose=1
/usr/bin/cc   -msse -W -Wall  -DCHECK_FUNCTION_EXISTS=getexecname    CMakeFiles/cmTC_65664.dir/CheckFunctionExists.c.o  -o cmTC_65664 -rdynamic 
CMakeFiles/cmTC_65664.dir/CheckFunctionExists.c.o : Dans la fonction « main » :
CheckFunctionExists.c:(.text+0x15) : référence indéfinie vers « getexecname »
collect2: error: ld returned 1 exit status
CMakeFiles/cmTC_65664.dir/build.make:97 : la recette pour la cible « cmTC_65664 » a échouée
make[1]: *** [cmTC_65664] Erreur 1
make[1] : on quitte le répertoire « /home/naterforst/allegro-5.0/build/CMakeFiles/CMakeTmp »
Makefile:126 : la recette pour la cible « cmTC_65664/fast » a échouée
make: *** [cmTC_65664/fast] Erreur 2


Performing C SOURCE FILE Test ALLEGRO_HAVE_PROCFS_ARGCV failed with the following output:
Change Dir: /home/naterforst/allegro-5.0/build/CMakeFiles/CMakeTmp

Run Build Command:"/usr/bin/make" "cmTC_514bc/fast"
/usr/bin/make -f CMakeFiles/cmTC_514bc.dir/build.make CMakeFiles/cmTC_514bc.dir/build
make[1] : on entre dans le répertoire « /home/naterforst/allegro-5.0/build/CMakeFiles/CMakeTmp »
Building C object CMakeFiles/cmTC_514bc.dir/src.c.o
/usr/bin/cc    -msse -W -Wall  -DALLEGRO_HAVE_PROCFS_ARGCV   -o CMakeFiles/cmTC_514bc.dir/src.c.o   -c /home/naterforst/allegro-5.0/build/CMakeFiles/CMakeTmp/src.c
/home/naterforst/allegro-5.0/build/CMakeFiles/CMakeTmp/src.c: In function ‘main’:
/home/naterforst/allegro-5.0/build/CMakeFiles/CMakeTmp/src.c:4:25: error: storage size of ‘psinfo’ isn’t known
         struct prpsinfo psinfo;
                         ^
/home/naterforst/allegro-5.0/build/CMakeFiles/CMakeTmp/src.c:4:25: warning: unused variable ‘psinfo’ [-Wunused-variable]
CMakeFiles/cmTC_514bc.dir/build.make:65 : la recette pour la cible « CMakeFiles/cmTC_514bc.dir/src.c.o » a échouée
make[1]: *** [CMakeFiles/cmTC_514bc.dir/src.c.o] Erreur 1
make[1] : on quitte le répertoire « /home/naterforst/allegro-5.0/build/CMakeFiles/CMakeTmp »
Makefile:126 : la recette pour la cible « cmTC_514bc/fast » a échouée
make: *** [cmTC_514bc/fast] Erreur 2

Source file was:

    #include <sys/procfs.h>
    int main(void) {
        struct prpsinfo psinfo;
        psinfo.pr_argc = 0;
        return 0;
    }
Performing C SOURCE FILE Test ALLEGRO_HAVE_SV_PROCFS_H failed with the following output:
Change Dir: /home/naterforst/allegro-5.0/build/CMakeFiles/CMakeTmp

Run Build Command:"/usr/bin/make" "cmTC_6005f/fast"
/usr/bin/make -f CMakeFiles/cmTC_6005f.dir/build.make CMakeFiles/cmTC_6005f.dir/build
make[1] : on entre dans le répertoire « /home/naterforst/allegro-5.0/build/CMakeFiles/CMakeTmp »
Building C object CMakeFiles/cmTC_6005f.dir/src.c.o
/usr/bin/cc    -msse -W -Wall  -DALLEGRO_HAVE_SV_PROCFS_H   -o CMakeFiles/cmTC_6005f.dir/src.c.o   -c /home/naterforst/allegro-5.0/build/CMakeFiles/CMakeTmp/src.c
/home/naterforst/allegro-5.0/build/CMakeFiles/CMakeTmp/src.c: In function ‘main’:
/home/naterforst/allegro-5.0/build/CMakeFiles/CMakeTmp/src.c:5:25: error: storage size of ‘psinfo’ isn’t known
         struct prpsinfo psinfo;
                         ^
/home/naterforst/allegro-5.0/build/CMakeFiles/CMakeTmp/src.c:6:18: error: ‘PIOCPSINFO’ undeclared (first use in this function)
         ioctl(0, PIOCPSINFO, &psinfo);
                  ^
/home/naterforst/allegro-5.0/build/CMakeFiles/CMakeTmp/src.c:6:18: note: each undeclared identifier is reported only once for each function it appears in
/home/naterforst/allegro-5.0/build/CMakeFiles/CMakeTmp/src.c:5:25: warning: unused variable ‘psinfo’ [-Wunused-variable]
         struct prpsinfo psinfo;
                         ^
CMakeFiles/cmTC_6005f.dir/build.make:65 : la recette pour la cible « CMakeFiles/cmTC_6005f.dir/src.c.o » a échouée
make[1]: *** [CMakeFiles/cmTC_6005f.dir/src.c.o] Erreur 1
make[1] : on quitte le répertoire « /home/naterforst/allegro-5.0/build/CMakeFiles/CMakeTmp »
Makefile:126 : la recette pour la cible « cmTC_6005f/fast » a échouée
make: *** [cmTC_6005f/fast] Erreur 2

Source file was:

    #include <sys/procfs.h>
    #include <sys/ioctl.h>
    int main(void) {
        struct prpsinfo psinfo;
        ioctl(0, PIOCPSINFO, &psinfo);
        return 0;
    }
Determining if the pthread_create exist failed with the following output:
Change Dir: /home/naterforst/allegro-5.0/build/CMakeFiles/CMakeTmp

Run Build Command:"/usr/bin/make" "cmTC_b4002/fast"
/usr/bin/make -f CMakeFiles/cmTC_b4002.dir/build.make CMakeFiles/cmTC_b4002.dir/build
make[1] : on entre dans le répertoire « /home/naterforst/allegro-5.0/build/CMakeFiles/CMakeTmp »
Building C object CMakeFiles/cmTC_b4002.dir/CheckSymbolExists.c.o
/usr/bin/cc    -msse -W -Wall     -o CMakeFiles/cmTC_b4002.dir/CheckSymbolExists.c.o   -c /home/naterforst/allegro-5.0/build/CMakeFiles/CMakeTmp/CheckSymbolExists.c
Linking C executable cmTC_b4002
/usr/bin/cmake -E cmake_link_script CMakeFiles/cmTC_b4002.dir/link.txt --verbose=1
/usr/bin/cc   -msse -W -Wall      CMakeFiles/cmTC_b4002.dir/CheckSymbolExists.c.o  -o cmTC_b4002 -rdynamic 
CMakeFiles/cmTC_b4002.dir/CheckSymbolExists.c.o : Dans la fonction « main » :
CheckSymbolExists.c:(.text+0x16) : référence indéfinie vers « pthread_create »
collect2: error: ld returned 1 exit status
CMakeFiles/cmTC_b4002.dir/build.make:97 : la recette pour la cible « cmTC_b4002 » a échouée
make[1]: *** [cmTC_b4002] Erreur 1
make[1] : on quitte le répertoire « /home/naterforst/allegro-5.0/build/CMakeFiles/CMakeTmp »
Makefile:126 : la recette pour la cible « cmTC_b4002/fast » a échouée
make: *** [cmTC_b4002/fast] Erreur 2

File /home/naterforst/allegro-5.0/build/CMakeFiles/CMakeTmp/CheckSymbolExists.c:
/* */
#include <pthread.h>

int main(int argc, char** argv)
{
  (void)argv;
#ifndef pthread_create
  return ((int*)(&pthread_create))[argc];
#else
  (void)argc;
  return 0;
#endif
}

Determining if the function pthread_create exists in the pthreads failed with the following output:
Change Dir: /home/naterforst/allegro-5.0/build/CMakeFiles/CMakeTmp

Run Build Command:"/usr/bin/make" "cmTC_5ca0d/fast"
/usr/bin/make -f CMakeFiles/cmTC_5ca0d.dir/build.make CMakeFiles/cmTC_5ca0d.dir/build
make[1] : on entre dans le répertoire « /home/naterforst/allegro-5.0/build/CMakeFiles/CMakeTmp »
Building C object CMakeFiles/cmTC_5ca0d.dir/CheckFunctionExists.c.o
/usr/bin/cc    -msse -W -Wall  -DCHECK_FUNCTION_EXISTS=pthread_create   -o CMakeFiles/cmTC_5ca0d.dir/CheckFunctionExists.c.o   -c /usr/share/cmake-3.5/Modules/CheckFunctionExists.c
Linking C executable cmTC_5ca0d
/usr/bin/cmake -E cmake_link_script CMakeFiles/cmTC_5ca0d.dir/link.txt --verbose=1
/usr/bin/cc   -msse -W -Wall  -DCHECK_FUNCTION_EXISTS=pthread_create    CMakeFiles/cmTC_5ca0d.dir/CheckFunctionExists.c.o  -o cmTC_5ca0d -rdynamic -lpthreads 
/usr/bin/ld : ne peut trouver -lpthreads
collect2: error: ld returned 1 exit status
CMakeFiles/cmTC_5ca0d.dir/build.make:97 : la recette pour la cible « cmTC_5ca0d » a échouée
make[1]: *** [cmTC_5ca0d] Erreur 1
make[1] : on quitte le répertoire « /home/naterforst/allegro-5.0/build/CMakeFiles/CMakeTmp »
Makefile:126 : la recette pour la cible « cmTC_5ca0d/fast » a échouée
make: *** [cmTC_5ca0d/fast] Erreur 2


Determining if the include file X11/extensions/xf86vmode.h exists failed with the following output:
Change Dir: /home/naterforst/allegro-5.0/build/CMakeFiles/CMakeTmp

Run Build Command:"/usr/bin/make" "cmTC_da522/fast"
/usr/bin/make -f CMakeFiles/cmTC_da522.dir/build.make CMakeFiles/cmTC_da522.dir/build
make[1] : on entre dans le répertoire « /home/naterforst/allegro-5.0/build/CMakeFiles/CMakeTmp »
Building C object CMakeFiles/cmTC_da522.dir/CheckIncludeFile.c.o
/usr/bin/cc    -msse -W -Wall     -o CMakeFiles/cmTC_da522.dir/CheckIncludeFile.c.o   -c /home/naterforst/allegro-5.0/build/CMakeFiles/CMakeTmp/CheckIncludeFile.c
In file included from /home/naterforst/allegro-5.0/build/CMakeFiles/CMakeTmp/CheckIncludeFile.c:1:0:
/usr/include/X11/extensions/xf86vmode.h:127:5: error: unknown type name ‘Bool’
     Bool send_event;  /* true if this came from a SendEvent req */
     ^
/usr/include/X11/extensions/xf86vmode.h:128:5: error: unknown type name ‘Display’
     Display *display;  /* Display the event was read from */
     ^
/usr/include/X11/extensions/xf86vmode.h:129:5: error: unknown type name ‘Window’
     Window root;  /* root window of event screen */
     ^
/usr/include/X11/extensions/xf86vmode.h:132:5: error: unknown type name ‘Bool’
     Bool forced;  /* extents of new region */
     ^
/usr/include/X11/extensions/xf86vmode.h:133:5: error: unknown type name ‘Time’
     Time time;   /* event timestamp */
     ^
/usr/include/X11/extensions/xf86vmode.h:150:1: error: unknown type name ‘Bool’
 Bool XF86VidModeQueryVersion(
 ^
/usr/include/X11/extensions/xf86vmode.h:151:5: error: unknown type name ‘Display’
     Display*  /* dpy */,
     ^
/usr/include/X11/extensions/xf86vmode.h:156:1: error: unknown type name ‘Bool’
 Bool XF86VidModeQueryExtension(
 ^
/usr/include/X11/extensions/xf86vmode.h:157:5: error: unknown type name ‘Display’
     Display*  /* dpy */,
     ^
/usr/include/X11/extensions/xf86vmode.h:162:1: error: unknown type name ‘Bool’
 Bool XF86VidModeSetClientVersion(
 ^
/usr/include/X11/extensions/xf86vmode.h:163:5: error: unknown type name ‘Display’
     Display*  /* dpy */
     ^
/usr/include/X11/extensions/xf86vmode.h:166:1: error: unknown type name ‘Bool’
 Bool XF86VidModeGetModeLine(
 ^
/usr/include/X11/extensions/xf86vmode.h:167:5: error: unknown type name ‘Display’
     Display*   /* dpy */,
     ^
/usr/include/X11/extensions/xf86vmode.h:173:1: error: unknown type name ‘Bool’
 Bool XF86VidModeGetAllModeLines(
 ^
/usr/include/X11/extensions/xf86vmode.h:174:5: error: unknown type name ‘Display’
     Display*   /* dpy */,
     ^
/usr/include/X11/extensions/xf86vmode.h:180:1: error: unknown type name ‘Bool’
 Bool XF86VidModeAddModeLine(
 ^
/usr/include/X11/extensions/xf86vmode.h:181:5: error: unknown type name ‘Display’
     Display*   /* dpy */,
     ^
/usr/include/X11/extensions/xf86vmode.h:187:1: error: unknown type name ‘Bool’
 Bool XF86VidModeDeleteModeLine(
 ^
/usr/include/X11/extensions/xf86vmode.h:188:5: error: unknown type name ‘Display’
     Display*   /* dpy */,
     ^
/usr/include/X11/extensions/xf86vmode.h:193:1: error: unknown type name ‘Bool’
 Bool XF86VidModeModModeLine(
 ^
/usr/include/X11/extensions/xf86vmode.h:194:5: error: unknown type name ‘Display’
     Display*   /* dpy */,
     ^
/usr/include/X11/extensions/xf86vmode.h:199:1: error: unknown type name ‘Status’
 Status XF86VidModeValidateModeLine(
 ^
/usr/include/X11/extensions/xf86vmode.h:200:5: error: unknown type name ‘Display’
     Display*   /* dpy */,
     ^
/usr/include/X11/extensions/xf86vmode.h:205:1: error: unknown type name ‘Bool’
 Bool XF86VidModeSwitchMode(
 ^
/usr/include/X11/extensions/xf86vmode.h:206:5: error: unknown type name ‘Display’
     Display*  /* dpy */,
     ^
/usr/include/X11/extensions/xf86vmode.h:211:1: error: unknown type name ‘Bool’
 Bool XF86VidModeSwitchToMode(
 ^
/usr/include/X11/extensions/xf86vmode.h:212:5: error: unknown type name ‘Display’
     Display*   /* dpy */,
     ^
/usr/include/X11/extensions/xf86vmode.h:217:1: error: unknown type name ‘Bool’
 Bool XF86VidModeLockModeSwitch(
 ^
/usr/include/X11/extensions/xf86vmode.h:218:5: error: unknown type name ‘Display’
     Display*  /* dpy */,
     ^
/usr/include/X11/extensions/xf86vmode.h:223:1: error: unknown type name ‘Bool’
 Bool XF86VidModeGetMonitor(
 ^
/usr/include/X11/extensions/xf86vmode.h:224:5: error: unknown type name ‘Display’
     Display*  /* dpy */,
     ^
/usr/include/X11/extensions/xf86vmode.h:229:1: error: unknown type name ‘Bool’
 Bool XF86VidModeGetViewPort(
 ^
/usr/include/X11/extensions/xf86vmode.h:230:5: error: unknown type name ‘Display’
     Display*  /* dpy */,
     ^
/usr/include/X11/extensions/xf86vmode.h:236:1: error: unknown type name ‘Bool’
 Bool XF86VidModeSetViewPort(
 ^
/usr/include/X11/extensions/xf86vmode.h:237:5: error: unknown type name ‘Display’
     Display*  /* dpy */,
     ^
/usr/include/X11/extensions/xf86vmode.h:243:1: error: unknown type name ‘Bool’
 Bool XF86VidModeGetDotClocks(
 ^
/usr/include/X11/extensions/xf86vmode.h:244:5: error: unknown type name ‘Display’
     Display*  /* dpy */,
     ^
/usr/include/X11/extensions/xf86vmode.h:252:1: error: unknown type name ‘Bool’
 Bool XF86VidModeGetGamma(
 ^
/usr/include/X11/extensions/xf86vmode.h:253:5: error: unknown type name ‘Display’
     Display*   /* dpy */,
     ^
/usr/include/X11/extensions/xf86vmode.h:258:1: error: unknown type name ‘Bool’
 Bool XF86VidModeSetGamma(
 ^
/usr/include/X11/extensions/xf86vmode.h:259:5: error: unknown type name ‘Display’
     Display*   /* dpy */,
     ^
/usr/include/X11/extensions/xf86vmode.h:264:1: error: unknown type name ‘Bool’
 Bool XF86VidModeSetGammaRamp(
 ^
/usr/include/X11/extensions/xf86vmode.h:265:5: error: unknown type name ‘Display’
     Display*                    /* dpy */,
     ^
/usr/include/X11/extensions/xf86vmode.h:273:1: error: unknown type name ‘Bool’
 Bool XF86VidModeGetGammaRamp(
 ^
/usr/include/X11/extensions/xf86vmode.h:274:5: error: unknown type name ‘Display’
     Display*                    /* dpy */,
     ^
/usr/include/X11/extensions/xf86vmode.h:282:1: error: unknown type name ‘Bool’
 Bool XF86VidModeGetGammaRampSize(
 ^
/usr/include/X11/extensions/xf86vmode.h:283:5: error: unknown type name ‘Display’
     Display*                    /* dpy */,
     ^
/usr/include/X11/extensions/xf86vmode.h:288:1: error: unknown type name ‘Bool’
 Bool XF86VidModeGetPermissions(
 ^
/usr/include/X11/extensions/xf86vmode.h:289:5: error: unknown type name ‘Display’
     Display*                    /* dpy */,
     ^
CMakeFiles/cmTC_da522.dir/build.make:65 : la recette pour la cible « CMakeFiles/cmTC_da522.dir/CheckIncludeFile.c.o » a échouée
make[1]: *** [CMakeFiles/cmTC_da522.dir/CheckIncludeFile.c.o] Erreur 1
make[1] : on quitte le répertoire « /home/naterforst/allegro-5.0/build/CMakeFiles/CMakeTmp »
Makefile:126 : la recette pour la cible « cmTC_da522/fast » a échouée
make: *** [cmTC_da522/fast] Erreur 2


